desc: I1 cache:         32768 B, 64 B, 8-way associative
desc: D1 cache:         49152 B, 64 B, 12-way associative
desc: LL cache:         12582912 B, 64 B, 12-way associative
cmd: ./bin/simple_transpose 12
events: Ir I1mr ILmr Dr D1mr DLmr Dw D1mw DLmw 
fl=/home/martina.scheffler/GPU-Computing/Homework1/include/matrix_generation.cpp
fn=_GLOBAL__sub_I__Z22generate_random_matrixi
27 2 1 0 0 0 0 0 0 0
fn=generate_continous_matrix(int)
17 5 1 1 0 0 0 3 0 0
18 4 0 0 0 0 0 1 0 0
20 20493 0 0 0 0 0 0 0 0
21 8417280 0 0 0 0 0 4096 0 0
22 20992003 2 2 4098 1 1 4194304 1048576 1048576
27 5 0 0 4 0 0 0 0 0
fl=/home/martina.scheffler/GPU-Computing/Homework1/src/simple_transpose.cpp
fn=_GLOBAL__sub_I__Z16simple_transposePii
102 2 1 1 0 0 0 0 0 0
fn=main
24 7 2 2 0 0 0 6 0 0
26 2 0 0 0 0 0 0 0 0
30 2 0 0 0 0 0 0 0 0
75 1 0 0 0 0 0 0 0 0
78 3 0 0 0 0 0 1 0 0
81 2 0 0 0 0 0 1 0 0
84 4 1 1 0 0 0 1 0 0
87 1 0 0 0 0 0 1 0 0
96 2 0 0 0 0 0 1 0 0
97 2 0 0 0 0 0 1 0 0
102 9 1 1 7 2 2 0 0 0
fn=simple_transpose(int*, int)
11 8197 1 1 0 0 0 2 0 0
12 5 0 0 0 0 0 1 0 0
14 16396 1 1 0 0 0 0 0 0
15 33558528 0 0 0 0 0 0 0 0
16 67108864 0 0 16777216 16777216 16777216 16777216 1048576 1048576
21 4 1 1 3 1 1 0 0 0
fl=/usr/include/c++/8/chrono
fn=main
155 4 0 0 1 1 1 1 1 1
471 1 0 0 0 0 0 0 0 0
fl=/usr/include/c++/8/cmath
fn=main
418 4 0 0 1 1 1 1 0 0
fl=/usr/include/c++/8/iostream
fn=_GLOBAL__sub_I__Z16simple_transposePii
74 6 1 1 0 0 0 1 0 0
fn=_GLOBAL__sub_I__Z22generate_random_matrixi
74 6 0 0 0 0 0 1 0 0
fl=/usr/include/c++/8/ostream
fn=main
113 2 0 0 0 0 0 1 0 0
221 4 1 1 1 0 0 1 0 0
564 8 0 0 0 0 0 2 0 0
fl=/usr/include/stdlib.h
fn=main
363 9 2 2 2 1 0 2 0 0
fl=/usr/src/debug/glibc-2.28-211.el8.x86_64/elf/../elf/dl-sysdep.c
fn=_dl_sysdep_start
88 9 1 1 0 0 0 6 0 0
89 2 0 0 0 0 0 0 0 0
90 2 0 0 1 0 0 0 0 0
112 1 0 0 0 0 0 1 0 0
113 294 1 1 96 13 13 4 2 2
116 2 0 0 0 0 0 1 1 1
117 1 0 0 0 0 0 1 1 1
119 138 6 6 37 1 1 19 0 0
120 112 0 0 17 3 3 0 0 0
123 1 1 1 1 0 0 0 0 0
124 1 0 0 0 0 0 0 0 0
126 1 0 0 1 1 1 0 0 0
127 1 0 0 0 0 0 0 0 0
129 1 0 0 1 1 1 0 0 0
130 2 0 0 0 0 0 0 0 0
132 1 0 0 1 0 0 0 0 0
133 2 0 0 0 0 0 0 0 0
153 1 1 1 1 1 1 0 0 0
154 2 0 0 0 0 0 0 0 0
156 1 0 0 1 1 1 0 0 0
157 2 0 0 0 0 0 0 0 0
159 2 1 1 1 0 0 1 0 0
160 2 1 1 0 0 0 1 0 0
165 2 0 0 1 0 0 1 0 0
166 2 0 0 0 0 0 1 0 0
181 2 0 0 1 0 0 1 0 0
182 2 0 0 0 0 0 1 0 0
224 1 0 0 0 0 0 1 1 1
235 3 1 1 1 0 0 0 0 0
236 2 0 0 0 0 0 2 0 0
238 5 0 0 0 0 0 1 0 0
250 3 0 0 1 0 0 0 0 0
253 5 0 0 1 0 0 1 0 0
255 9 1 1 8 2 0 0 0 0
fn=_dl_sysdep_start_cleanup
259 1 1 1 0 0 0 0 0 0
260 1 0 0 1 0 0 0 0 0
fl=/usr/src/debug/glibc-2.28-211.el8.x86_64/elf/../elf/dl-tls.c
fn=_dl_add_to_slotinfo
1010 16 3 2 0 0 0 8 0 0
1016 2 0 0 2 0 0 0 0 0
1019 2 0 0 2 2 0 0 0 0
1020 2 0 0 0 0 0 0 0 0
1024 6 0 0 2 1 0 0 0 0
1058 4 0 0 0 0 0 0 0 0
1061 6 1 1 0 0 0 2 2 0
1062 6 0 0 2 2 0 2 0 0
1065 12 0 0 10 0 0 0 0 0
fn=_dl_allocate_tls_init
523 10 1 1 0 0 0 8 0 0
524 2 0 0 0 0 0 0 0 0
528 3 1 1 1 1 0 1 0 0
530 2 0 0 0 0 0 0 0 0
531 1 0 0 0 0 0 0 0 0
534 2 0 0 1 1 0 1 0 0
537 3 0 0 2 1 0 0 0 0
549 1 0 0 1 0 0 0 0 0
554 14 1 1 3 0 0 0 0 0
560 6 0 0 0 0 0 0 0 0
563 6 0 0 2 0 0 0 0 0
564 4 0 0 0 0 0 0 0 0
570 6 1 1 4 0 0 0 0 0
571 4 0 0 0 0 0 0 0 0
573 10 0 0 4 1 0 2 1 1
574 2 0 0 0 0 0 2 0 0
576 4 1 1 0 0 0 0 0 0
577 4 0 0 2 0 0 0 0 0
580 4 0 0 0 0 0 0 0 0
581 8 0 0 4 0 0 0 0 0
583 4 0 0 0 0 0 0 0 0
584 6 0 0 2 0 0 0 0 0
593 2 0 0 0 0 0 2 0 0
601 4 0 0 2 0 0 0 0 0
603 18 1 1 4 1 0 4 0 0
615 2 2 2 1 0 0 1 0 0
618 2 0 0 1 0 0 1 0 0
621 9 0 0 8 0 0 0 0 0
fn=_dl_allocate_tls_storage
417 5 1 1 0 0 0 3 0 0
419 1 0 0 1 0 0 0 0 0
430 1 0 0 1 0 0 0 0 0
431 1 0 0 0 0 0 0 0 0
432 3 0 0 0 0 0 0 0 0
440 4 0 0 0 0 0 0 0 0
441 1 1 1 0 0 0 0 0 0
445 297 0 0 0 0 0 289 36 36
464 1 0 0 0 0 0 1 1 1
466 2 1 1 0 0 0 1 0 0
467 2 0 0 0 0 0 0 0 0
470 5 0 0 4 0 0 0 0 0
fn=_dl_assign_tls_modid
127 4 1 1 0 0 0 2 0 0
130 6 0 0 4 0 0 0 0 0
182 2 0 0 0 0 0 0 0 0
184 2 0 0 0 0 0 2 0 0
187 2 1 1 0 0 0 2 0 0
188 4 0 0 4 0 0 0 0 0
fn=_dl_count_modids
193 1 1 1 0 0 0 0 0 0
195 2 0 0 1 0 0 0 0 0
196 2 0 0 2 0 0 0 0 0
fn=_dl_determine_tlsoffset
217 6 1 1 0 0 0 4 0 0
218 2 1 1 0 0 0 0 0 0
219 1 0 0 0 0 0 0 0 0
220 1 0 0 0 0 0 0 0 0
223 3 1 1 1 0 0 0 0 0
226 2 0 0 1 0 0 0 0 0
260 1 0 0 0 0 0 0 0 0
262 16 0 0 3 0 0 0 0 0
264 4 0 0 2 0 0 0 0 0
266 6 0 0 2 0 0 0 0 0
267 4 1 1 2 0 0 0 0 0
269 4 1 1 0 0 0 0 0 0
271 10 0 0 2 0 0 0 0 0
287 16 0 0 0 0 0 0 0 0
289 4 0 0 0 0 0 0 0 0
290 4 0 0 0 0 0 0 0 0
299 2 0 0 0 0 0 2 0 0
302 1 0 0 0 0 0 1 0 0
303 6 1 1 1 0 0 0 0 0
305 2 0 0 0 0 0 1 0 0
355 1 0 0 0 0 0 1 0 0
356 6 1 1 5 0 0 0 0 0
fn=_dl_tls_static_surplus_init
79 3 0 0 0 0 0 0 0 0
93 6 1 1 0 0 0 3 0 0
97 6 0 0 1 0 0 1 0 0
98 7 1 1 1 0 0 1 0 0
104 1 0 0 0 0 0 0 0 0
106 3 0 0 0 0 0 0 0 0
109 1 0 0 0 0 0 0 0 0
111 1 0 0 0 0 0 1 0 0
113 3 0 0 0 0 0 1 0 0
114 5 0 0 4 0 0 0 0 0
fn=allocate_dtv
361 4 1 1 0 0 0 2 0 0
366 1 0 0 1 0 0 0 0 0
370 1 0 0 0 0 0 0 0 0
371 1 0 0 0 0 0 0 0 0
372 2 0 0 0 0 0 0 0 0
375 1 0 0 0 0 0 1 0 0
381 3 1 1 0 0 0 1 0 0
387 4 0 0 3 0 0 0 0 0
fl=/usr/src/debug/glibc-2.28-211.el8.x86_64/elf/../include/rtld-malloc.h
fn=_dl_allocate_tls_storage
56 1 0 0 1 0 0 1 0 0
fn=_dl_check_map_versions
44 12 1 1 6 0 0 6 0 0
fn=_dl_important_hwcaps
56 4 1 1 2 0 0 3 0 0
fn=_dl_init_paths
56 3 0 0 2 0 0 2 0 0
fn=_dl_map_object_deps
56 12 0 0 6 0 0 6 0 0
fn=_dl_new_object
44 24 0 0 6 0 0 12 0 0
56 15 1 1 5 0 0 5 0 0
fn=allocate_dtv
44 2 0 0 1 0 0 1 0 0
fn=do_lookup_x
44 12 2 2 3 2 0 4 0 0
fn=init_tls
44 2 0 0 1 0 0 1 0 0
fn=open_verify.constprop.9
50 15 1 1 5 0 0 5 0 0
fn=rtld_calloc
56 17 1 1 17 0 0 0 0 0
fl=/usr/src/debug/glibc-2.28-211.el8.x86_64/elf/../include/scratch_buffer.h
fn=_dl_map_object_deps
77 4 0 0 0 0 0 2 0 0
78 1 0 0 0 0 0 1 1 1
85 5 2 2 2 0 0 0 0 0
131 15 0 0 5 0 0 5 0 0
fl=/usr/src/debug/glibc-2.28-211.el8.x86_64/elf/../misc/sbrk.c
fn=sbrk
32 5 1 1 0 0 0 2 0 0
40 6 0 0 2 1 1 0 0 0
44 2 0 0 0 0 0 0 0 0
60 5 1 1 3 0 0 0 0 0
fl=/usr/src/debug/glibc-2.28-211.el8.x86_64/elf/../sysdeps/generic/dl-cache.h
fn=_dl_load_cache_lookup
185 5 0 0 0 0 0 0 0 0
fn=search_cache
116 20 1 1 0 0 0 0 0 0
fl=/usr/src/debug/glibc-2.28-211.el8.x86_64/elf/../sysdeps/generic/dl-hash.h
fn=__rtld_malloc_init_real
43 1 0 0 0 0 0 0 0 0
44 1 0 0 0 0 0 0 0 0
45 28 0 0 5 1 1 0 0 0
48 18 0 0 0 0 0 0 0 0
62 24 1 1 0 0 0 0 0 0
67 1 0 0 0 0 0 0 0 0
72 1 0 0 0 0 0 1 0 0
fl=/usr/src/debug/glibc-2.28-211.el8.x86_64/elf/../sysdeps/generic/ldsodefs.h
fn=_dl_relocate_object
126 12432 0 0 4144 0 0 0 0 0
fn=do_lookup_x
126 8733 0 0 2911 0 0 0 0 0
fl=/usr/src/debug/glibc-2.28-211.el8.x86_64/elf/../sysdeps/posix/dl-fileid.h
fn=_dl_map_object_from_fd
35 30 1 1 0 0 0 5 0 0
38 5 0 0 5 0 0 0 0 0
39 10 0 0 5 1 1 5 0 0
47 60 0 0 30 1 1 0 0 0
fl=/usr/src/debug/glibc-2.28-211.el8.x86_64/elf/../sysdeps/unix/sysv/linux/dl-osinfo.h
fn=dl_main
64 2 1 1 1 0 0 0 0 0
77 1 0 0 1 0 0 0 0 0
fl=/usr/src/debug/glibc-2.28-211.el8.x86_64/elf/../sysdeps/unix/sysv/linux/dl-sysdep.c
fn=_dl_discover_osversion
46 5 1 1 0 0 0 3 0 0
48 3 1 1 1 0 0 0 0 0
88 5 1 1 0 0 0 1 1 1
103 1 0 0 0 0 0 0 0 0
107 1 0 0 0 0 0 0 0 0
108 1 0 0 0 0 0 0 0 0
110 12 0 0 3 1 1 0 0 0
112 6 1 1 0 0 0 0 0 0
114 16 0 0 4 0 0 0 0 0
116 1 0 0 0 0 0 0 0 0
117 2 0 0 0 0 0 0 0 0
120 3 0 0 0 0 0 0 0 0
121 3 0 0 0 0 0 0 0 0
122 3 0 0 0 0 0 0 0 0
124 13 0 0 0 0 0 0 0 0
129 2 1 1 0 0 0 0 0 0
133 5 1 1 4 0 0 0 0 0
fn=_dl_sysdep_start
36 2 0 0 0 0 0 1 0 0
fl=/usr/src/debug/glibc-2.28-211.el8.x86_64/elf/../sysdeps/unix/sysv/linux/x86/cpu-features.c
fn=init_cpu_features.constprop.0
28 6 1 1 0 0 0 0 0 0
fl=/usr/src/debug/glibc-2.28-211.el8.x86_64/elf/../sysdeps/unix/sysv/linux/x86_64/brk.c
fn=brk
28 1 1 1 0 0 0 0 0 0
31 5 0 0 0 0 0 1 1 1
33 2 0 0 0 0 0 0 0 0
39 1 0 0 0 0 0 0 0 0
40 1 0 0 1 0 0 0 0 0
fl=/usr/src/debug/glibc-2.28-211.el8.x86_64/elf/../sysdeps/x86/cpu-features.c
fn=get_common_indices.constprop.1
321 3 1 1 0 0 0 1 0 0
328 5 0 0 0 0 0 3 1 1
332 1 0 0 0 0 0 1 0 0
333 4 0 0 0 0 0 1 0 0
334 4 1 1 0 0 0 1 0 0
335 4 0 0 0 0 0 1 0 0
336 3 0 0 0 0 0 1 0 0
337 2 0 0 1 0 0 0 0 0
344 2 0 0 1 0 0 0 0 0
346 9 1 1 0 0 0 4 0 0
351 8 1 1 0 0 0 4 2 2
358 2 0 0 1 0 0 0 0 0
359 7 0 0 0 0 0 4 1 1
365 2 0 0 1 0 0 0 0 0
371 2 1 1 2 0 0 0 0 0
fn=init_cpu_features.constprop.0
299 4 0 0 0 0 0 0 0 0
300 2 0 0 0 0 0 0 0 0
301 6 1 1 0 0 0 4 0 0
306 2 0 0 0 0 0 0 0 0
307 6 1 1 0 0 0 4 0 0
312 2 0 0 0 0 0 0 0 0
313 6 0 0 0 0 0 4 0 0
386 3 1 1 0 0 0 2 0 0
389 1 0 0 0 0 0 1 0 0
390 1 1 1 0 0 0 1 0 0
391 1 0 0 0 0 0 1 0 0
402 3 0 0 0 0 0 1 0 0
405 6 0 0 0 0 0 0 0 0
409 3 0 0 0 0 0 1 0 0
411 6 1 1 0 0 0 1 0 0
416 1 0 0 0 0 0 1 0 0
418 3 0 0 1 0 0 0 0 0
420 3 1 1 2 0 0 1 0 0
421 9 0 0 3 1 1 0 0 0
476 2 0 0 1 0 0 0 0 0
490 1 1 1 0 0 0 0 0 0
500 5 0 0 0 0 0 0 0 0
514 1 0 0 1 0 0 0 0 0
515 1 0 0 0 0 0 0 0 0
525 5 1 1 1 0 0 0 0 0
629 3 1 1 1 0 0 0 0 0
630 1 0 0 1 0 0 0 0 0
633 2 0 0 0 0 0 0 0 0
634 1 0 0 1 0 0 0 0 0
640 1 0 0 0 0 0 1 0 0
641 1 0 0 0 0 0 1 0 0
642 1 1 1 0 0 0 1 0 0
643 1 0 0 0 0 0 1 0 0
646 4 0 0 0 0 0 1 0 0
648 6 0 0 1 0 0 2 0 0
650 6 0 0 1 0 0 2 0 0
652 6 1 1 1 0 0 2 0 0
654 6 1 1 1 0 0 2 0 0
656 6 0 0 1 0 0 2 0 0
660 3 0 0 1 0 0 0 0 0
673 2 0 0 0 0 0 0 0 0
674 4 0 0 1 0 0 0 0 0
721 1 0 0 0 0 0 1 0 0
722 2 1 1 1 0 0 0 0 0
726 3 1 1 1 0 0 0 0 0
743 2 1 1 0 0 0 0 0 0
744 3 0 0 1 0 0 0 0 0
746 3 0 0 0 0 0 0 0 0
747 2 1 1 1 0 0 0 0 0
749 3 0 0 0 0 0 0 0 0
750 2 0 0 0 0 0 0 0 0
753 2 0 0 0 0 0 1 0 0
768 4 0 0 0 0 0 1 0 0
770 4 0 0 0 0 0 1 0 0
820 4 0 0 3 0 0 0 0 0
fn=update_usable.constprop.2
50 7 1 1 0 0 0 6 1 1
54 1 0 0 1 0 0 0 0 0
62 3 0 0 1 0 0 0 0 0
63 3 1 1 0 0 0 0 0 0
72 3 0 0 2 0 0 0 0 0
73 1 0 0 1 0 0 0 0 0
82 4 1 1 1 0 0 1 0 0
83 1 0 0 1 0 0 0 0 0
84 3 0 0 0 0 0 1 1 1
88 4 0 0 0 0 0 1 0 0
91 4 0 0 1 0 0 1 0 0
92 1 0 0 1 0 0 0 0 0
94 4 0 0 1 0 0 1 0 0
95 1 0 0 1 0 0 0 0 0
99 4 1 1 1 0 0 1 0 0
100 3 0 0 2 0 0 0 0 0
101 3 0 0 2 0 0 0 0 0
102 1 0 0 1 0 0 0 0 0
104 4 1 1 1 0 0 1 0 0
107 2 0 0 0 0 0 0 0 0
111 2 0 0 0 0 0 0 0 0
113 4 0 0 0 0 0 0 0 0
117 2 1 1 0 0 0 0 0 0
119 1 0 0 0 0 0 0 0 0
122 2 0 0 0 0 0 0 0 0
124 2 0 0 0 0 0 1 0 0
128 1 0 0 0 0 0 0 0 0
129 1 0 0 1 0 0 0 0 0
132 4 0 0 0 0 0 1 0 0
138 4 0 0 0 0 0 1 0 0
140 3 1 1 0 0 0 1 0 0
142 2 0 0 0 0 0 0 0 0
147 4 0 0 0 0 0 0 0 0
196 3 0 0 0 0 0 0 0 0
208 2 1 1 0 0 0 1 0 0
209 1 0 0 1 0 0 0 0 0
212 3 0 0 1 0 0 0 0 0
216 2 0 0 1 0 0 0 0 0
220 3 0 0 0 0 0 0 0 0
221 2 1 1 0 0 0 0 0 0
223 1 0 0 0 0 0 0 0 0
224 1 0 0 0 0 0 0 0 0
227 2 0 0 0 0 0 1 0 0
229 1 0 0 0 0 0 1 1 1
232 2 0 0 0 0 0 0 0 0
283 3 1 1 1 0 0 0 0 0
287 3 1 1 1 0 0 0 0 0
293 8 0 0 7 0 0 0 0 0
fl=/usr/src/debug/glibc-2.28-211.el8.x86_64/elf/../sysdeps/x86/dl-cet.c
fn=_dl_cet_check
245 1 1 1 0 0 0 0 0 0
246 1 0 0 0 0 0 0 0 0
fn=dl_cet_check
39 7 1 1 0 0 0 6 0 0
41 2 0 0 0 0 0 0 0 0
42 1 0 0 1 0 0 0 0 0
44 1 0 0 0 0 0 0 0 0
45 1 0 0 0 0 0 0 0 0
48 4 0 0 0 0 0 0 0 0
49 2 0 0 0 0 0 0 0 0
54 1 0 0 1 0 0 0 0 0
59 2 1 1 0 0 0 0 0 0
228 8 1 1 7 0 0 0 0 0
fl=/usr/src/debug/glibc-2.28-211.el8.x86_64/elf/../sysdeps/x86/dl-get-cpu-features.c
fn=__x86_cpu_features
38 3 0 0 1 0 0 0 0 0
42 3 1 1 1 0 0 0 0 0
fn=_dl_x86_init_cpu_features
36 1 1 1 0 0 0 0 0 0
38 3 0 0 1 0 0 0 0 0
39 1 0 0 0 0 0 0 0 0
fl=/usr/src/debug/glibc-2.28-211.el8.x86_64/elf/../sysdeps/x86/dl-hwcap.h
fn=_dl_important_hwcaps
57 6 0 0 1 0 0 0 0 0
fl=/usr/src/debug/glibc-2.28-211.el8.x86_64/elf/../sysdeps/x86/dl-procinfo.h
fn=search_cache
39 8 0 0 0 0 0 0 0 0
42 28 1 1 0 0 0 8 0 0
fl=/usr/src/debug/glibc-2.28-211.el8.x86_64/elf/../sysdeps/x86/dl-prop.h
fn=_dl_process_pt_note
53 20 2 2 10 0 0 0 0 0
59 20 0 0 10 0 0 0 0 0
62 5 0 0 0 0 0 0 0 0
67 40 0 0 0 0 0 0 0 0
70 15 1 1 5 0 0 0 0 0
71 10 0 0 5 0 0 0 0 0
72 10 0 0 5 0 0 0 0 0
76 15 1 1 5 0 0 0 0 0
80 15 0 0 0 0 0 5 0 0
83 15 0 0 5 0 0 0 0 0
84 10 0 0 0 0 0 0 0 0
88 5 0 0 0 0 0 0 0 0
89 10 0 0 0 0 0 0 0 0
93 10 2 2 5 0 0 0 0 0
94 5 0 0 5 0 0 0 0 0
97 10 0 0 0 0 0 0 0 0
100 5 0 0 0 0 0 0 0 0
101 20 0 0 0 0 0 0 0 0
106 10 0 0 0 0 0 0 0 0
113 10 0 0 0 0 0 0 0 0
116 10 0 0 5 0 0 5 0 0
120 5 0 0 0 0 0 0 0 0
136 5 0 0 0 0 0 0 0 0
137 25 0 0 0 0 0 0 0 0
142 25 0 0 5 0 0 0 0 0
143 5 0 0 5 0 0 0 0 0
144 10 0 0 0 0 0 0 0 0
145 10 0 0 5 0 0 0 0 0
153 100 1 1 0 0 0 60 1 1
156 19 0 0 0 0 0 5 0 0
157 10 0 0 10 0 0 0 0 0
159 40 0 0 20 0 0 0 0 0
160 1 0 0 0 0 0 0 0 0
163 8 0 0 0 0 0 0 0 0
164 64 3 3 4 3 3 0 0 0
170 16 0 0 0 0 0 8 2 2
171 28 0 0 4 0 0 4 0 0
180 10 0 0 0 0 0 0 0 0
183 10 1 1 0 0 0 0 0 0
184 84 0 0 70 0 0 0 0 0
fn=dl_main
33 3 0 0 1 0 0 1 0 0
59 4 2 2 2 1 1 0 0 0
fl=/usr/src/debug/glibc-2.28-211.el8.x86_64/elf/../sysdeps/x86_64/dl-hwcaps-subdirs.c
fn=_dl_hwcaps_subdirs_active
27 1 1 1 0 0 0 0 0 0
33 8 1 1 1 0 0 0 0 0
34 4 0 0 1 0 0 0 0 0
40 1 0 0 0 0 0 0 0 0
44 5 1 1 0 0 0 0 0 0
47 5 0 0 1 0 0 0 0 0
49 4 0 0 0 0 0 0 0 0
50 2 0 0 0 0 0 0 0 0
53 1 0 0 0 0 0 0 0 0
57 2 0 0 0 0 0 0 0 0
60 2 0 0 0 0 0 0 0 0
62 1 0 0 0 0 0 0 0 0
66 1 0 0 1 0 0 0 0 0
fl=/usr/src/debug/glibc-2.28-211.el8.x86_64/elf/../sysdeps/x86_64/dl-machine.h
fn=_dl_fixup
239 12 0 0 0 0 0 12 0 0
fn=_dl_relocate_object
76 13 2 2 2 0 0 0 0 0
82 4 0 0 4 1 0 0 0 0
86 6 0 0 2 2 1 0 0 0
92 2 0 0 0 0 0 2 0 0
100 6 0 0 2 0 0 0 0 0
120 4 0 0 2 1 0 0 0 0
122 6 0 0 0 0 0 2 0 0
124 8 0 0 2 1 0 0 0 0
274 8324 0 0 0 0 0 0 0 0
295 8324 1 1 0 0 0 0 0 0
299 8324 0 0 0 0 0 0 0 0
306 173914 13 12 36986 2502 1591 24678 3 0
307 37422 4 4 16610 5 0 0 0 0
310 12570 0 0 0 0 0 0 0 0
312 8425 0 0 17 0 0 0 0 0
315 34 0 0 0 0 0 0 0 0
316 51 0 0 17 0 0 0 0 0
317 34 1 1 0 0 0 0 0 0
321 34 1 1 0 0 0 34 0 0
328 85 0 0 34 0 0 17 0 0
331 24972 1 1 4162 5 3 0 0 0
365 6 1 1 0 0 0 0 0 0
366 15 1 1 9 1 0 3 1 0
373 6 0 0 2 0 0 0 0 0
375 4 0 0 4 0 0 0 0 0
384 8 0 0 4 0 0 2 0 0
427 57 1 1 19 0 0 0 0 0
431 76 1 1 19 1 0 0 0 0
436 57 0 0 38 3 3 0 0 0
445 76 0 0 38 0 0 19 8 8
455 12402 0 0 8266 518 517 4136 1188 540
456 4136 0 0 4136 0 0 0 0 0
468 2 0 0 2 0 0 0 0 0
479 14 0 0 0 0 0 0 0 0
489 18 1 1 0 0 0 6 0 0
495 6 1 1 2 0 0 0 0 0
499 14 1 1 8 0 0 4 0 0
501 8 0 0 6 0 0 0 0 0
502 2 0 0 0 0 0 0 0 0
512 132 1 1 132 1 1 0 0 0
513 66 0 0 0 0 0 66 0 0
514 66 0 0 0 0 0 66 2 2
533 5964 1 1 1988 248 248 0 0 0
538 3976 0 0 0 0 0 0 0 0
539 5964 0 0 1988 250 250 1988 447 442
549 66 0 0 33 0 0 0 0 0
553 66 0 0 0 0 0 0 0 0
556 99 0 0 33 1 0 0 0 0
557 33 0 0 33 3 3 0 0 0
561 42 1 1 35 2 0 0 0 0
fn=_dl_start
58 3 0 0 1 1 1 0 0 0
271 6 0 0 0 0 0 0 0 0
299 12 0 0 0 0 0 0 0 0
307 60 0 0 24 5 5 0 0 0
310 12 0 0 0 0 0 0 0 0
331 34 0 0 5 1 1 0 0 0
351 10 1 1 5 1 1 5 0 0
352 5 0 0 0 0 0 0 0 0
419 1 0 0 0 0 0 0 0 0
538 94 0 0 47 6 6 0 0 0
539 141 1 1 47 6 6 47 27 27
fn=_dl_sysdep_start
225 1 0 0 0 0 0 1 0 0
fl=/usr/src/debug/glibc-2.28-211.el8.x86_64/elf/../sysdeps/x86_64/dl-runtime.h
fn=_dl_fixup
28 12 0 0 0 0 0 0 0 0
fl=/usr/src/debug/glibc-2.28-211.el8.x86_64/elf/../sysdeps/x86_64/dl-trampoline.h
fn=_dl_runtime_resolve_xsave
67 12 2 1 0 0 0 0 0 0
72 12 0 0 0 0 0 12 0 0
75 12 0 0 0 0 0 0 0 0
77 12 0 0 0 0 0 0 0 0
87 12 2 1 12 3 2 0 0 0
93 12 0 0 0 0 0 12 3 2
94 12 0 0 0 0 0 12 0 0
95 12 0 0 0 0 0 12 0 0
96 12 0 0 0 0 0 12 0 0
97 12 0 0 0 0 0 12 0 0
98 12 0 0 0 0 0 12 0 0
99 12 0 0 0 0 0 12 0 0
103 12 0 0 0 0 0 0 0 0
104 12 0 0 0 0 0 0 0 0
107 12 0 0 0 0 0 12 4 3
108 12 0 0 0 0 0 12 0 0
110 12 1 1 0 0 0 12 0 0
111 12 0 0 0 0 0 12 0 0
112 12 0 0 0 0 0 12 0 0
113 12 0 0 0 0 0 12 0 0
114 12 0 0 0 0 0 12 0 0
115 12 0 0 0 0 0 12 0 0
117 12 0 0 12 0 0 396 32 26
124 12 0 0 12 0 0 0 0 0
125 12 0 0 12 0 0 0 0 0
126 12 0 0 0 0 0 12 4 2
127 12 2 1 0 0 0 0 0 0
132 12 0 0 0 0 0 0 0 0
133 12 0 0 0 0 0 0 0 0
134 12 0 0 432 0 0 0 0 0
136 12 0 0 12 0 0 0 0 0
137 12 0 0 12 0 0 0 0 0
138 12 0 0 12 0 0 0 0 0
139 12 0 0 12 0 0 0 0 0
140 12 0 0 12 0 0 0 0 0
141 12 0 0 12 0 0 0 0 0
142 12 0 0 12 0 0 0 0 0
144 12 0 0 0 0 0 0 0 0
146 12 0 0 12 0 0 0 0 0
150 12 0 0 0 0 0 0 0 0
153 12 0 0 0 0 0 0 0 0
fl=/usr/src/debug/glibc-2.28-211.el8.x86_64/elf/./dl-hwcaps.h
fn=_dl_important_hwcaps
54 4 0 0 1 0 0 2 0 0
56 5 0 0 2 0 0 2 0 0
88 2 1 1 1 0 0 1 0 0
89 3 0 0 1 0 0 1 0 0
fn=copy_hwcaps.isra.1
54 2 0 0 0 0 0 2 0 0
56 4 0 0 0 0 0 2 0 0
88 2 0 0 0 0 0 2 0 0
89 4 0 0 0 0 0 2 0 0
fn=update_hwcaps_counts
54 2 0 0 0 0 0 2 1 1
56 4 0 0 0 0 0 2 0 0
88 2 0 0 0 0 0 2 0 0
89 4 1 1 0 0 0 2 0 0
fl=/usr/src/debug/glibc-2.28-211.el8.x86_64/elf/./dl-load.h
fn=_dl_map_object_from_fd
90 20 0 0 10 0 0 0 0 0
91 15 1 1 10 0 0 5 0 0
93 20 0 0 10 0 0 0 0 0
94 16 1 1 8 0 0 0 0 0
95 24 1 1 8 0 0 0 0 0
96 16 0 0 4 0 0 0 0 0
98 16 0 0 0 0 0 4 0 0
fl=/usr/src/debug/glibc-2.28-211.el8.x86_64/elf/./dl-main.h
fn=dl_main
109 5 0 0 4 0 0 1 0 0
fl=/usr/src/debug/glibc-2.28-211.el8.x86_64/elf/./dl-map-segments.h
fn=_dl_map_object_from_fd
50 10 0 0 5 0 0 0 0 0
56 40 0 0 15 0 0 15 0 0
60 15 0 0 5 0 0 0 0 0
63 15 1 1 5 0 0 5 0 0
64 10 0 0 0 0 0 5 0 0
66 10 0 0 5 0 0 0 0 0
73 70 1 1 25 0 0 10 0 0
80 10 0 0 10 0 0 0 0 0
90 50 0 0 10 0 0 0 0 0
92 30 1 1 15 0 0 5 0 0
94 60 1 1 25 0 0 10 0 0
104 40 0 0 20 0 0 0 0 0
110 10 0 0 5 0 0 0 0 0
111 5 0 0 0 0 0 0 0 0
112 15 1 1 5 0 0 0 0 0
113 10 0 0 0 0 0 0 0 0
115 10 0 0 0 0 0 0 0 0
120 10 0 0 0 0 0 0 0 0
123 10 0 0 5 0 0 0 0 0
131 40 0 0 0 0 0 20 0 0
132 15 0 0 15 0 0 0 0 0
137 10 0 0 0 0 0 0 0 0
141 18 1 1 2 0 0 4 0 0
144 6 0 0 2 0 0 0 0 0
149 10 1 1 0 0 0 0 0 0
fl=/usr/src/debug/glibc-2.28-211.el8.x86_64/elf/./dl-sym-post.h
fn=lookup_malloc_symbol
41 8 1 1 0 0 0 0 0 0
53 12 0 0 4 0 0 0 0 0
60 4 0 0 4 0 0 0 0 0
fl=/usr/src/debug/glibc-2.28-211.el8.x86_64/elf/dl-audit.c
fn=_dl_audit_activity_map
29 6 1 1 0 0 0 4 0 0
30 1 0 0 1 0 0 0 0 0
31 3 0 0 1 0 0 0 0 0
37 6 1 1 5 0 0 0 0 0
fn=_dl_audit_activity_nsid
41 18 2 1 0 0 0 12 0 0
45 12 2 2 3 0 0 0 0 0
47 9 0 0 3 1 1 0 0 0
51 18 0 0 15 0 0 0 0 0
fn=_dl_audit_objclose
97 7 1 1 0 0 0 0 0 0
98 28 0 0 14 0 0 0 0 0
fn=_dl_audit_objopen
77 5 1 1 0 0 0 0 0 0
78 20 0 0 10 0 0 0 0 0
fn=_dl_audit_preinit
118 1 1 1 0 0 0 0 0 0
119 4 0 0 2 1 0 0 0 0
fl=/usr/src/debug/glibc-2.28-211.el8.x86_64/elf/dl-cache.c
fn=_dl_cache_libcmp
360 40 1 1 0 0 0 0 0 0
361 924 1 1 462 31 31 0 0 0
363 900 0 0 0 0 0 0 0 0
365 12 0 0 0 0 0 0 0 0
371 18 0 0 0 0 0 0 0 0
372 18 0 0 0 0 0 0 0 0
373 24 0 0 6 0 0 0 0 0
375 24 1 1 6 0 0 0 0 0
377 12 0 0 0 0 0 0 0 0
383 438 0 0 0 0 0 0 0 0
384 1 0 0 0 0 0 0 0 0
385 436 0 0 0 0 0 0 0 0
386 66 0 0 33 0 0 0 0 0
389 185 0 0 0 0 0 0 0 0
390 185 0 0 0 0 0 0 0 0
393 18 0 0 6 0 0 0 0 0
394 1 0 0 1 0 0 0 0 0
fn=_dl_load_cache_lookup
406 24 1 1 0 0 0 8 0 0
408 8 1 1 4 0 0 0 0 0
411 12 0 0 4 0 0 0 0 0
414 6 1 1 0 0 0 2 0 0
422 6 1 1 2 0 0 0 0 0
423 8 0 0 3 1 1 0 0 0
426 7 1 1 0 0 0 0 0 0
427 1 0 0 1 0 0 0 0 0
429 1 0 0 1 0 0 0 0 0
434 1 1 1 0 0 0 1 0 0
435 2 1 1 0 0 0 1 0 0
480 9 0 0 3 0 0 0 0 0
485 12 0 0 4 0 0 0 0 0
488 20 1 1 4 0 0 4 0 0
503 8 0 0 4 0 0 0 0 0
507 8 0 0 0 0 0 0 0 0
515 72 3 3 4 0 0 4 0 0
516 16 0 0 0 0 0 4 0 0
517 8 0 0 0 0 0 4 0 0
518 12 0 0 12 0 0 0 0 0
fn=_dl_unload_cache
527 2 1 1 0 0 0 0 0 0
528 4 1 1 1 1 0 0 0 0
530 2 0 0 1 1 0 1 0 0
531 1 0 0 0 0 0 1 0 0
535 1 0 0 0 0 0 1 0 0
537 2 0 0 1 0 0 0 0 0
fn=search_cache
180 2 0 0 0 0 0 0 0 0
190 42 0 0 0 0 0 0 0 0
202 52 2 2 0 0 0 40 0 0
204 4 0 0 4 0 0 0 0 0
206 4 1 1 0 0 0 0 0 0
207 28 1 1 4 0 0 12 0 0
209 36 1 1 8 0 0 12 0 0
210 12 0 0 4 0 0 0 0 0
212 28 1 1 8 0 0 4 0 0
219 68 0 0 0 0 0 0 0 0
221 68 0 0 0 0 0 0 0 0
222 76 0 0 42 28 28 0 0 0
226 68 0 0 0 0 0 0 0 0
230 102 0 0 0 0 0 34 0 0
231 68 0 0 0 0 0 0 0 0
239 12 0 0 0 0 0 0 0 0
241 22 1 1 10 2 2 0 0 0
244 48 0 0 8 0 0 4 0 0
246 52 2 2 8 0 0 6 0 0
258 8 1 1 0 0 0 0 0 0
268 8 1 1 4 0 0 0 0 0
269 12 0 0 4 0 0 0 0 0
271 8 0 0 4 0 0 0 0 0
278 8 1 1 4 0 0 0 0 0
286 4 0 0 4 1 1 0 0 0
296 16 0 0 4 0 0 0 0 0
298 12 1 1 4 0 0 0 0 0
299 8 0 0 4 0 0 0 0 0
303 12 0 0 0 0 0 0 0 0
311 8 0 0 0 0 0 0 0 0
332 8 0 0 4 0 0 4 0 0
335 20 0 0 4 0 0 0 0 0
349 30 1 1 0 0 0 0 0 0
350 18 0 0 0 0 0 0 0 0
352 12 0 0 0 0 0 0 0 0
356 40 0 0 36 0 0 0 0 0
fl=/usr/src/debug/glibc-2.28-211.el8.x86_64/elf/dl-call-libc-early-init.c
fn=_dl_call_libc_early_init
27 4 1 1 0 0 0 2 0 0
29 2 0 0 0 0 0 0 0 0
33 7 1 1 0 0 0 1 0 0
37 2 0 0 0 0 0 0 0 0
39 4 0 0 3 0 0 0 0 0
40 2 1 1 0 0 0 0 0 0
41 3 0 0 2 0 0 0 0 0
fl=/usr/src/debug/glibc-2.28-211.el8.x86_64/elf/dl-debug.c
fn=_dl_debug_initialize
46 7 2 1 0 0 0 0 0 0
49 14 0 0 0 0 0 0 0 0
50 7 1 1 7 0 0 0 0 0
54 26 1 0 7 1 0 0 0 0
57 1 0 0 0 0 0 1 0 0
58 9 0 0 6 0 0 1 0 0
59 5 1 1 1 0 0 1 0 0
60 2 0 0 0 0 0 1 0 0
64 1 0 0 1 0 0 0 0 0
fn=_dl_debug_state
73 2 0 0 0 0 0 0 0 0
74 2 0 0 2 0 0 0 0 0
fl=/usr/src/debug/glibc-2.28-211.el8.x86_64/elf/dl-deps.c
fn=_dl_map_object_deps
144 4 0 0 0 0 0 2 0 0
145 2 0 0 0 0 0 2 1 1
146 7 1 1 0 0 0 2 0 0
148 3 0 0 0 0 0 1 0 0
152 8 0 0 2 0 0 2 0 0
159 12 2 2 0 0 0 8 1 1
160 20 3 3 1 1 1 0 0 0
176 11 1 1 1 0 0 1 0 0
177 1 0 0 1 0 0 0 0 0
180 2 0 0 1 0 0 1 0 0
198 2 1 1 1 0 0 1 0 0
199 2 0 0 0 0 0 1 0 0
200 2 1 1 0 0 0 2 0 0
202 18 0 0 12 0 0 0 0 0
206 7 0 0 0 0 0 0 0 0
209 14 0 0 7 0 0 7 0 0
213 28 1 1 7 0 0 7 0 0
214 46 2 2 20 0 0 0 0 0
217 15 0 0 0 0 0 0 0 0
221 15 1 1 5 0 0 5 0 0
224 22 0 0 11 0 0 0 0 0
226 15 1 1 10 0 0 5 0 0
231 5 0 0 0 0 0 5 0 0
232 5 0 0 0 0 0 5 0 0
233 10 0 0 5 0 0 5 0 0
234 10 1 1 5 0 0 5 0 0
237 594 1 1 156 0 0 5 0 0
238 287 0 0 0 0 0 0 0 0
244 108 2 2 24 0 0 12 0 0
246 12 0 0 0 0 0 12 0 0
248 48 2 2 24 0 0 12 0 0
249 24 0 0 12 0 0 0 0 0
258 12 0 0 12 0 0 0 0 0
260 24 0 0 12 0 0 0 0 0
265 35 1 1 5 0 0 0 0 0
268 5 0 0 0 0 0 5 0 0
269 5 0 0 0 0 0 5 0 0
270 5 0 0 0 0 0 5 0 0
271 10 1 1 5 0 0 5 0 0
273 5 0 0 5 0 0 0 0 0
275 25 0 0 5 0 0 10 0 0
279 36 0 0 12 0 0 0 0 0
280 24 0 0 0 0 0 8 0 0
282 387 0 0 0 0 0 0 0 0
287 3 0 0 0 0 0 2 0 0
303 12 0 0 0 0 0 6 1 1
380 12 1 1 0 0 0 6 0 0
433 21 1 1 7 0 0 0 0 0
435 15 0 0 0 0 0 5 1 1
438 10 0 0 0 0 0 0 0 0
439 10 0 0 0 0 0 0 0 0
445 5 0 0 0 0 0 5 1 1
446 25 0 0 5 0 0 5 0 0
447 25 0 0 0 0 0 5 0 0
450 5 0 0 0 0 0 5 0 0
451 5 0 0 5 0 0 0 0 0
455 28 1 1 14 0 0 0 0 0
457 7 1 1 7 0 0 0 0 0
458 34 0 0 8 0 0 0 0 0
464 6 0 0 2 0 0 0 0 0
465 1 0 0 0 0 0 1 0 0
468 4 0 0 1 0 0 1 0 0
479 3 1 1 1 0 0 0 0 0
481 2 0 0 0 0 0 0 0 0
486 4 0 0 1 0 0 1 0 0
487 1 0 0 0 0 0 1 0 0
488 2 1 1 1 0 0 0 0 0
490 24 0 0 7 0 0 1 0 0
492 21 0 0 7 0 0 0 0 0
496 14 1 1 0 0 0 0 0 0
498 35 0 0 14 0 0 7 1 1
503 7 0 0 7 0 0 0 0 0
506 2 0 0 1 0 0 0 0 0
558 3 1 1 1 0 0 0 0 0
595 3 1 1 1 0 0 0 0 0
596 5 1 1 1 0 0 0 0 0
610 3 1 1 0 0 0 1 0 0
615 7 2 2 3 0 0 0 0 0
618 5 0 0 0 0 0 1 0 0
621 1 0 0 0 0 0 1 0 0
623 1 0 0 0 0 0 1 0 0
624 1 1 1 1 0 0 0 0 0
625 2 0 0 0 0 0 0 0 0
632 3 0 0 1 0 0 0 0 0
635 3 0 0 1 0 0 0 0 0
638 8 0 0 7 0 0 0 0 0
fn=openaux
61 36 1 1 0 0 0 12 0 0
64 120 0 0 48 0 0 24 0 0
65 24 0 0 12 0 0 0 0 0
68 12 0 0 12 0 0 0 0 0
69 24 0 0 24 0 0 0 0 0
fl=/usr/src/debug/glibc-2.28-211.el8.x86_64/elf/dl-environ.c
fn=_dl_next_ld_env_entry
28 2 1 1 0 0 0 0 0 0
29 2 0 0 2 0 0 0 0 0
32 286 0 0 95 0 0 0 0 0
34 188 1 1 94 0 0 0 0 0
35 32 0 0 16 0 0 0 0 0
37 1 0 0 0 0 0 0 0 0
40 2 0 0 0 0 0 1 0 0
42 1 0 0 1 0 0 0 0 0
45 93 0 0 0 0 0 0 0 0
49 1 0 0 1 0 0 0 0 0
fl=/usr/src/debug/glibc-2.28-211.el8.x86_64/elf/dl-error-skeleton.c
fn=_dl_catch_error
225 8 2 2 0 0 0 3 0 0
227 4 0 0 0 0 0 1 0 0
228 2 0 0 1 0 0 1 0 0
229 2 0 0 1 0 0 1 0 0
230 2 0 0 1 0 0 1 0 0
232 5 0 0 4 0 0 0 0 0
fn=_dl_catch_exception
175 104 1 1 13 0 0 65 3 3
178 26 0 0 0 0 0 0 0 0
199 26 0 0 13 0 0 13 1 1
200 26 0 0 0 0 0 13 0 0
203 26 0 0 0 0 0 13 0 0
206 91 1 1 0 0 0 13 0 0
208 39 0 0 26 0 0 13 0 0
209 26 0 0 13 0 0 13 0 0
210 52 1 1 13 0 0 26 0 0
219 52 0 0 26 0 0 0 0 0
fn=_dl_receive_error
238 4 1 1 0 0 0 2 0 0
239 1 0 0 1 0 0 0 0 0
240 1 0 0 1 0 0 0 0 0
243 1 0 0 0 0 0 1 0 0
244 1 0 0 0 0 0 1 0 0
246 2 0 0 0 0 0 1 0 0
248 1 0 0 0 0 0 1 0 0
249 1 0 0 0 0 0 1 0 0
250 4 0 0 3 0 0 0 0 0
fl=/usr/src/debug/glibc-2.28-211.el8.x86_64/elf/dl-fini.c
fn=_dl_fini
30 9 1 1 0 0 0 6 0 0
47 6 0 0 0 0 0 1 0 0
50 7 1 1 1 1 1 0 0 0
53 2 1 1 1 1 1 1 0 0
55 1 0 0 1 1 1 0 0 0
58 2 0 0 0 0 0 0 0 0
60 6 0 0 3 0 0 0 0 0
65 1 1 1 0 0 0 1 0 0
67 3 0 0 0 0 0 1 0 0
72 17 2 2 1 0 0 0 0 0
77 25 0 0 8 1 1 0 0 0
79 14 0 0 7 1 1 0 0 0
81 14 0 0 0 0 0 0 0 0
83 14 1 1 0 0 0 7 0 0
84 7 0 0 0 0 0 7 5 5
85 7 0 0 0 0 0 0 0 0
89 7 0 0 7 1 1 0 0 0
91 6 0 0 0 0 0 0 0 0
92 6 1 1 0 0 0 0 0 0
98 11 1 1 0 0 0 2 0 0
108 2 0 0 1 0 0 1 0 0
113 28 2 2 8 0 0 1 0 0
115 7 0 0 7 0 0 0 0 0
117 21 0 0 7 0 0 0 0 0
120 14 0 0 0 0 0 7 0 0
123 21 1 1 7 6 6 0 0 0
124 6 0 0 2 1 1 0 0 0
127 10 0 0 5 0 0 0 0 0
138 20 0 0 10 5 5 5 0 0
139 5 0 0 5 1 1 0 0 0
140 10 0 0 5 0 0 0 0 0
141 40 1 1 10 4 4 0 0 0
142 5 0 0 5 5 5 5 0 0
146 10 0 0 0 0 0 0 0 0
147 15 0 0 10 3 3 5 0 0
153 14 0 0 0 0 0 7 0 0
158 7 0 0 7 0 0 0 0 0
162 5 0 0 1 0 0 1 0 0
168 6 1 1 2 0 0 0 0 0
174 2 0 0 1 0 0 0 0 0
181 8 0 0 7 0 0 0 0 0
fl=/usr/src/debug/glibc-2.28-211.el8.x86_64/elf/dl-hwcaps.c
fn=_dl_important_hwcaps
100 3 0 0 0 0 0 1 1 1
102 2 1 1 0 0 0 0 0 0
105 1 0 0 0 0 0 1 0 0
108 1 0 0 0 0 0 0 0 0
112 4 1 1 0 0 0 1 0 0
125 12 1 1 0 0 0 3 0 0
127 10 0 0 4 0 0 2 1 1
128 4 0 0 2 0 0 2 0 0
129 4 0 0 0 0 0 2 0 0
130 2 0 0 0 0 0 0 0 0
133 2 0 0 0 0 0 0 0 0
142 16 1 1 8 0 0 3 0 0
143 2 0 0 0 0 0 0 0 0
151 2 0 0 2 0 0 0 0 0
155 7 0 0 2 0 0 1 0 0
156 2 0 0 0 0 0 0 0 0
157 4 0 0 0 0 0 0 0 0
161 1 0 0 1 0 0 0 0 0
162 2 1 1 1 0 0 1 0 0
163 4 0 0 0 0 0 3 0 0
172 15 2 2 0 0 0 10 1 1
173 7 0 0 1 0 0 2 1 1
175 2 1 1 1 0 0 1 0 0
176 4 0 0 1 0 0 1 0 0
184 3 1 1 0 0 0 2 0 0
185 3 0 0 0 0 0 2 0 0
186 6 0 0 0 0 0 1 0 0
187 5 0 0 0 0 0 1 0 0
189 1 0 0 1 0 0 0 0 0
195 1 1 1 1 0 0 0 0 0
196 7 0 0 2 0 0 2 0 0
200 19 0 0 3 0 0 0 0 0
201 7 1 1 2 0 0 2 1 1
202 2 0 0 0 0 0 0 0 0
208 17 3 3 1 0 0 2 0 0
209 2 0 0 0 0 0 0 0 0
210 11 3 3 3 0 0 2 0 0
211 4 0 0 2 0 0 2 1 1
213 1 0 0 0 0 0 1 0 0
214 2 0 0 0 0 0 2 0 0
215 5 0 0 0 0 0 0 0 0
216 2 0 0 0 0 0 0 0 0
218 3 0 0 1 0 0 0 0 0
220 2 0 0 0 0 0 1 0 0
221 2 0 0 1 0 0 1 0 0
222 3 0 0 0 0 0 0 0 0
225 5 1 1 0 0 0 1 0 0
226 1 0 0 0 0 0 1 0 0
229 2 0 0 1 0 0 0 0 0
232 5 0 0 1 0 0 1 0 0
233 3 0 0 2 0 0 0 0 0
236 1 1 1 0 0 0 0 0 0
237 3 0 0 0 0 0 0 0 0
239 3 0 0 0 0 0 0 0 0
240 3 0 0 0 0 0 0 0 0
241 5 0 0 1 0 0 0 0 0
242 2 0 0 0 0 0 0 0 0
246 1 1 1 0 0 0 0 0 0
249 2 1 1 0 0 0 0 0 0
253 11 0 0 2 0 0 3 1 1
259 2 0 0 0 0 0 0 0 0
260 2 0 0 0 0 0 0 0 0
267 1 0 0 0 0 0 1 0 0
268 4 0 0 1 0 0 1 0 0
269 8 1 1 2 0 0 1 0 0
270 6 0 0 3 0 0 1 0 0
273 1 0 0 1 0 0 0 0 0
274 1 0 0 1 0 0 0 0 0
281 2 1 1 0 0 0 0 0 0
283 1 0 0 0 0 0 1 1 1
305 2 0 0 0 0 0 1 0 0
308 15 1 1 2 0 0 4 0 0
315 2 0 0 2 0 0 0 0 0
318 2 0 0 0 0 0 0 0 0
321 10 0 0 4 0 0 4 0 0
324 11 0 0 1 0 0 0 0 0
325 23 2 2 2 0 0 4 0 0
326 7 0 0 2 0 0 2 0 0
329 10 0 0 4 0 0 4 1 1
331 6 1 1 2 0 0 0 0 0
336 25 0 0 0 0 0 0 0 0
337 24 0 0 0 0 0 8 1 1
341 18 1 1 1 0 0 0 0 0
344 36 0 0 0 0 0 0 0 0
345 96 0 0 0 0 0 0 0 0
346 48 1 1 24 0 0 12 0 0
348 9 0 0 0 0 0 0 0 0
351 3 1 1 1 0 0 0 0 0
352 2 0 0 0 0 0 0 0 0
353 14 0 0 1 0 0 0 0 0
355 6 0 0 0 0 0 0 0 0
356 2 0 0 2 0 0 0 0 0
358 1 0 0 1 0 0 0 0 0
359 4 1 1 0 0 0 2 0 0
366 19 0 0 6 0 0 4 0 0
367 4 0 0 0 0 0 0 0 0
369 8 0 0 0 0 0 0 0 0
372 2 0 0 2 0 0 0 0 0
373 4 0 0 1 0 0 1 0 0
378 9 0 0 8 0 0 0 0 0
fn=copy_hwcaps.isra.1
72 14 1 1 0 0 0 8 0 0
77 16 0 0 0 0 0 4 0 0
79 6 0 0 4 0 0 2 0 0
80 16 1 1 4 0 0 8 1 1
84 2 0 0 0 0 0 2 0 0
85 2 0 0 2 0 0 0 0 0
86 6 0 0 2 0 0 2 0 0
87 4 0 0 0 0 0 2 0 0
88 4 0 0 0 0 0 2 0 0
90 12 0 0 10 0 0 0 0 0
fn=update_hwcaps_counts
49 8 1 1 0 0 0 4 0 0
52 16 0 0 0 0 0 4 0 0
54 2 0 0 2 0 0 0 0 0
55 4 0 0 4 0 0 0 0 0
56 4 0 0 2 0 0 0 0 0
57 2 0 0 0 0 0 1 0 0
59 8 0 0 6 0 0 0 0 0
fl=/usr/src/debug/glibc-2.28-211.el8.x86_64/elf/dl-hwcaps_split.c
fn=_dl_hwcaps_contains
66 6 1 1 0 0 0 0 0 0
67 12 0 0 0 0 0 0 0 0
68 6 1 1 0 0 0 0 0 0
77 6 0 0 6 0 0 0 0 0
fn=_dl_hwcaps_split
25 1 0 0 0 0 0 0 0 0
26 3 0 0 1 0 0 0 0 0
47 2 0 0 1 0 0 0 0 0
fn=_dl_hwcaps_split.part.1
24 36 0 0 0 0 0 24 0 0
34 84 1 1 30 1 1 0 0 0
35 12 0 0 0 0 0 6 0 0
36 33 0 0 0 0 0 0 0 0
37 12 0 0 0 0 0 0 0 0
41 27 0 0 0 0 0 9 1 1
42 18 0 0 0 0 0 0 0 0
43 9 0 0 0 0 0 6 0 0
45 12 0 0 0 0 0 6 0 0
46 9 1 1 0 0 0 0 0 0
47 48 0 0 36 0 0 0 0 0
fn=_dl_hwcaps_split_masked
26 42 0 0 14 0 0 0 0 0
30 36 0 0 12 0 0 12 0 0
34 12 0 0 0 0 0 12 0 0
51 33 1 1 0 0 0 11 0 0
54 24 0 0 0 0 0 0 0 0
55 5 0 0 0 0 0 0 0 0
56 9 0 0 9 0 0 0 0 0
57 27 0 0 0 0 0 9 0 0
58 54 0 0 18 0 0 6 0 0
62 22 0 0 22 0 0 0 0 0
fl=/usr/src/debug/glibc-2.28-211.el8.x86_64/elf/dl-init.c
fn=_dl_init
30 35 1 1 8 2 0 1 0 0
79 12 1 1 0 0 0 6 0 0
80 1 1 1 1 1 0 0 0 0
81 1 0 0 1 0 0 0 0 0
84 3 0 0 1 0 0 0 0 0
87 2 0 0 0 0 0 1 0 0
92 2 0 0 0 0 0 0 0 0
117 1 0 0 1 0 0 0 0 0
118 30 0 0 0 0 0 6 0 0
119 21 1 1 14 2 0 0 0 0
122 2 0 0 0 0 0 1 1 0
123 8 0 0 7 1 0 0 0 0
fn=call_init.part.0
28 48 0 0 0 0 0 30 0 0
36 21 1 1 7 0 0 7 0 0
39 28 0 0 14 7 0 0 0 0
40 3 1 1 1 0 0 0 0 0
44 24 0 0 6 4 0 0 0 0
45 3 0 0 1 0 0 0 0 0
49 10 1 1 5 0 0 0 0 0
58 35 0 0 15 9 0 5 0 0
62 10 0 0 0 0 0 0 0 0
68 15 0 0 10 1 0 0 0 0
70 10 0 0 10 3 0 0 0 0
71 73 1 1 0 0 0 0 0 0
72 64 0 0 16 4 0 16 0 0
74 36 0 0 36 1 0 0 0 0
fl=/usr/src/debug/glibc-2.28-211.el8.x86_64/elf/dl-load.c
fn=_dl_dst_count
236 78 1 1 0 0 0 65 1 1
239 26 0 0 0 0 0 13 0 0
242 26 0 0 0 0 0 0 0 0
243 13 0 0 0 0 0 0 0 0
262 91 1 1 78 0 0 0 0 0
fn=_dl_init_paths
688 11 2 2 0 0 0 5 0 0
702 4 0 0 0 0 0 2 0 0
707 1 0 0 0 0 0 1 0 0
709 2 0 0 0 0 0 0 0 0
716 5 1 1 0 0 0 0 0 0
717 2 0 0 1 0 0 0 0 0
721 4 0 0 0 0 0 1 1 1
723 4 1 1 2 0 0 0 0 0
729 1 0 0 0 0 0 1 0 0
730 1 0 0 0 0 0 1 0 0
738 3 0 0 0 0 0 2 0 0
740 3 1 1 0 0 0 2 0 0
741 2 0 0 0 0 0 2 1 1
743 4 1 1 0 0 0 2 0 0
744 2 0 0 0 0 0 2 1 1
749 67 1 1 1 0 0 0 0 0
750 20 0 0 0 0 0 20 0 0
752 4 0 0 0 0 0 2 0 0
758 1 0 0 0 0 0 1 1 1
759 1 0 0 0 0 0 1 0 0
764 1 0 0 1 0 0 0 0 0
767 3 0 0 0 0 0 0 0 0
769 4 1 1 1 0 0 0 0 0
771 3 0 0 1 0 0 0 0 0
788 2 1 1 0 0 0 1 0 0
790 3 1 1 1 0 0 0 0 0
804 2 1 1 0 0 0 1 0 0
807 2 1 1 0 0 0 0 0 0
838 1 0 0 0 0 0 1 0 0
839 7 0 0 6 0 0 0 0 0
fn=_dl_map_object
664 36 3 3 12 0 0 0 0 0
1931 130 2 2 0 0 0 104 5 5
1933 5 0 0 0 0 0 5 0 0
1939 26 0 0 0 0 0 0 0 0
1940 52 0 0 13 0 0 0 0 0
1943 280 1 1 63 0 0 13 0 0
1948 406 0 0 58 0 0 0 0 0
1950 290 1 1 0 0 0 58 0 0
1954 100 0 0 50 0 0 0 0 0
1955 150 0 0 50 0 0 0 0 0
1958 28 0 0 28 0 0 0 0 0
1959 84 0 0 56 0 0 0 0 0
1960 140 0 0 0 0 0 28 0 0
1974 50 1 1 10 0 0 10 0 0
1983 15 0 0 5 0 0 0 0 0
1998 5 1 1 0 0 0 5 2 2
2000 25 0 0 0 0 0 5 0 0
2004 16 2 2 0 0 0 8 0 0
2006 8 0 0 4 0 0 0 0 0
2013 16 0 0 4 0 0 0 0 0
2017 12 1 1 4 0 0 4 0 0
2018 4 0 0 0 0 0 0 0 0
2022 12 0 0 4 0 0 0 0 0
2023 4 0 0 0 0 0 0 0 0
2025 40 1 1 0 0 0 20 0 0
2037 8 0 0 0 0 0 0 0 0
2038 44 1 1 8 0 0 4 0 0
2039 4 0 0 0 0 0 0 0 0
2048 8 1 1 0 0 0 0 0 0
2063 8 1 1 4 0 0 0 0 0
2070 8 1 1 0 0 0 0 0 0
2071 4 1 1 0 0 0 0 0 0
2079 4 0 0 0 0 0 4 0 0
2093 8 0 0 0 0 0 0 0 0
2095 12 1 1 4 0 0 0 0 0
2099 12 0 0 0 0 0 4 0 0
2101 8 0 0 0 0 0 0 0 0
2105 8 0 0 0 0 0 0 0 0
2113 12 0 0 4 0 0 0 0 0
2136 36 1 1 0 0 0 8 0 0
2140 12 0 0 4 0 0 0 0 0
2141 8 0 0 0 0 0 4 0 0
2154 12 1 1 8 0 0 0 0 0
2158 8 1 1 4 0 0 0 0 0
2164 1 0 0 0 0 0 1 0 0
2165 3 0 0 0 0 0 1 0 0
2166 2 0 0 0 0 0 0 0 0
2167 3 0 0 0 0 0 0 0 0
2171 9 1 1 0 0 0 2 0 0
2174 3 0 0 1 0 0 0 0 0
2186 20 0 0 5 0 0 0 0 0
2188 16 1 1 0 0 0 0 0 0
2232 10 1 1 5 0 0 5 0 0
2233 75 0 0 15 0 0 25 0 0
2235 122 1 1 96 0 0 0 0 0
fn=_dl_map_object_from_fd
877 75 2 2 0 0 0 50 2 2
887 20 0 0 5 0 0 10 2 2
904 105 0 0 40 0 0 0 0 0
905 40 1 1 20 0 0 0 0 0
922 10 1 1 5 0 0 0 0 0
950 20 1 1 5 0 0 5 0 0
960 10 0 0 5 0 0 0 0 0
982 40 0 0 25 0 0 5 0 0
983 10 1 1 0 0 0 0 0 0
994 10 0 0 5 0 0 5 3 3
995 20 0 0 10 0 0 10 0 0
996 10 0 0 5 0 0 5 0 0
998 15 1 1 0 0 0 0 0 0
999 20 0 0 10 0 0 0 0 0
1000 5 0 0 0 0 0 0 0 0
1015 5 0 0 0 0 0 5 0 0
1017 5 0 0 0 0 0 5 0 0
1019 95 1 1 10 0 0 10 0 0
1020 5 0 0 0 0 0 0 0 0
1021 5 0 0 0 0 0 5 0 0
1027 373 1 1 49 0 0 0 0 0
1028 413 1 1 49 0 0 0 0 0
1034 10 1 1 5 0 0 0 0 0
1039 10 0 0 5 0 0 5 0 0
1040 30 1 1 10 0 0 5 0 0
1045 2 0 0 1 0 0 1 1 1
1046 1 0 0 0 0 0 0 0 0
1051 50 1 1 20 0 0 0 0 0
1056 70 1 1 20 0 0 0 0 0
1063 40 0 0 20 0 0 0 0 0
1074 20 0 0 0 0 0 0 0 0
1075 60 0 0 0 0 0 10 3 3
1076 40 1 1 0 0 0 10 0 0
1077 10 0 0 0 0 0 10 1 1
1078 30 0 0 20 0 0 10 0 0
1079 20 0 0 0 0 0 10 0 0
1083 20 0 0 0 0 0 0 0 0
1084 30 0 0 15 0 0 5 0 0
1088 20 0 0 0 0 0 0 0 0
1089 80 1 1 20 0 0 10 0 0
1099 10 0 0 0 0 0 0 0 0
1102 6 1 1 2 0 0 0 0 0
1106 2 0 0 0 0 0 2 2 2
1107 4 0 0 2 0 0 2 1 1
1108 6 0 0 2 0 0 0 0 0
1111 6 0 0 0 0 0 2 0 0
1112 4 1 1 2 0 0 2 0 0
1115 2 0 0 0 0 0 2 1 1
1120 8 0 0 2 0 0 0 0 0
1127 30 1 1 5 0 0 10 0 0
1135 10 1 1 5 0 0 5 0 0
1136 5 0 0 0 0 0 0 0 0
1139 10 0 0 5 0 0 5 1 1
1140 10 0 0 5 0 0 5 0 0
1141 5 0 0 0 0 0 0 0 0
1144 70 0 0 10 0 0 10 2 2
1152 10 0 0 0 0 0 0 0 0
1165 10 0 0 0 0 0 0 0 0
1175 50 2 2 20 0 0 10 0 0
1187 20 1 1 10 0 0 0 0 0
1196 15 0 0 5 0 0 5 0 0
1203 10 1 1 0 0 0 0 0 0
1204 10 1 1 0 0 0 0 0 0
1224 15 0 0 5 0 0 0 0 0
1243 10 0 0 5 0 0 5 0 0
1245 25 1 1 10 0 0 0 0 0
1293 15 0 0 5 3 3 0 0 0
1294 4 0 0 2 0 0 2 0 0
1297 20 0 0 5 0 0 5 0 0
1306 10 0 0 5 0 0 0 0 0
1308 20 1 1 10 0 0 5 0 0
1310 10 0 0 5 0 0 0 0 0
1326 10 0 0 0 0 0 5 0 0
1330 10 0 0 5 0 0 0 0 0
1331 10 0 0 5 0 0 0 0 0
1348 10 0 0 5 0 0 0 0 0
1349 1 1 1 0 0 0 1 0 0
1352 15 0 0 5 0 0 10 0 0
1357 10 0 0 5 0 0 0 0 0
1367 10 0 0 5 0 0 0 0 0
1374 40 1 1 15 0 0 0 0 0
1375 15 1 1 5 0 0 0 0 0
1376 51 1 1 48 5 5 0 0 0
1377 8 0 0 8 0 0 0 0 0
1378 2 0 0 0 0 0 1 0 0
1384 10 0 0 5 0 0 0 0 0
1385 8 0 0 2 0 0 0 0 0
1390 4 0 0 0 0 0 2 0 0
1397 15 1 1 5 0 0 5 0 0
1400 20 0 0 10 0 0 0 0 0
1419 10 0 0 0 0 0 0 0 0
1423 35 1 1 15 0 0 0 0 0
1424 20 0 0 5 0 0 5 0 0
1428 45 0 0 35 0 0 0 0 0
fn=expand_dynamic_string_token
383 7 1 1 0 0 0 4 0 0
393 2 0 0 0 0 0 1 1 1
396 2 0 0 0 0 0 0 0 0
397 2 0 0 0 0 0 0 0 0
408 5 0 0 4 0 0 0 0 0
fn=open_verify.constprop.9
1481 60 1 1 0 0 0 35 0 0
1520 15 0 0 5 0 0 0 0 0
1539 25 0 0 0 0 0 5 1 1
1541 10 1 1 0 0 0 0 0 0
1546 30 1 1 0 0 0 5 0 0
1552 5 0 0 0 0 0 5 0 0
1553 15 0 0 0 0 0 5 1 1
1554 5 0 0 0 0 0 5 0 0
1558 35 0 0 5 0 0 5 0 0
1560 10 1 1 0 0 0 0 0 0
1562 10 0 0 5 0 0 5 0 0
1564 10 0 0 0 0 0 0 0 0
1570 10 0 0 0 0 0 0 0 0
1586 86 4 4 48 3 3 0 0 0
1645 10 0 0 5 0 0 0 0 0
1650 10 0 0 5 0 0 0 0 0
1652 20 0 0 5 0 0 0 0 0
1658 10 0 0 5 1 1 0 0 0
1664 25 1 1 5 0 0 0 0 0
1665 20 0 0 5 0 0 0 0 0
1666 10 0 0 5 0 0 0 0 0
1687 236 0 0 0 0 0 0 0 0
1688 124 1 1 54 15 15 0 0 0
1701 24 0 0 0 0 0 0 0 0
1704 32 0 0 16 0 0 0 0 0
1705 27 1 1 11 0 0 0 0 0
1710 6 0 0 0 0 0 0 0 0
1711 48 2 2 3 0 0 0 0 0
1721 18 0 0 0 0 0 12 0 0
1722 30 0 0 12 0 0 3 0 0
1729 60 0 0 40 4 4 0 0 0
1731 8 0 0 0 0 0 0 0 0
1732 96 2 2 16 0 0 0 0 0
1735 24 0 0 0 0 0 0 0 0
1740 2 0 0 0 0 0 0 0 0
1741 10 0 0 0 0 0 0 0 0
1744 4 1 1 0 0 0 0 0 0
1747 4 0 0 2 0 0 0 0 0
1748 8 0 0 2 0 0 0 0 0
1749 2 0 0 2 0 0 0 0 0
1750 8 0 0 2 0 0 0 0 0
1751 6 0 0 2 0 0 0 0 0
1765 45 0 0 35 0 0 0 0 0
fl=/usr/src/debug/glibc-2.28-211.el8.x86_64/elf/dl-lookup-direct.c
fn=_dl_lookup_direct
74 13 2 2 1 0 0 7 0 0
75 1 0 0 1 0 0 0 0 0
76 2 0 0 0 0 0 0 0 0
78 6 0 0 2 1 0 0 0 0
79 2 0 0 0 0 0 0 0 0
81 4 1 1 1 0 0 1 0 0
84 5 0 0 1 1 0 0 0 0
86 3 0 0 1 0 0 0 0 0
87 6 0 0 1 0 0 1 0 0
90 2 1 1 0 0 0 0 0 0
115 1 0 0 0 0 0 0 0 0
116 9 0 0 7 0 0 0 0 0
fn=check_match
31 5 1 1 0 0 0 5 0 0
32 1 1 1 1 0 0 0 0 0
33 4 0 0 1 0 0 0 0 0
35 2 0 0 1 1 1 0 0 0
36 2 0 0 1 0 0 0 0 0
48 4 0 0 1 0 0 1 0 0
51 1 0 0 1 0 0 0 0 0
53 8 1 1 2 0 0 1 0 0
57 2 0 0 2 1 0 0 0 0
58 6 0 0 2 0 0 0 0 0
59 3 0 0 1 0 0 1 0 0
61 3 0 0 0 0 0 0 0 0
64 7 0 0 6 0 0 0 0 0
fl=/usr/src/debug/glibc-2.28-211.el8.x86_64/elf/dl-lookup.c
fn=_dl_lookup_symbol_x
575 5898 0 0 0 0 0 0 0 0
576 514921 0 0 127993 3057 2201 0 0 0
577 500176 0 0 0 0 0 0 0 0
592 5822 2 1 0 0 0 0 0 0
835 41286 3 2 0 0 0 23592 12 6
837 5898 0 0 0 0 0 2949 0 0
838 5898 0 0 0 0 0 5898 0 0
841 2949 3 2 2949 4 2 0 0 0
845 11712 0 0 2907 0 0 0 0 0
847 23592 0 0 5898 0 0 8847 0 0
848 14745 1 1 11796 9 3 0 0 0
854 6126 0 0 76 1 0 0 0 0
855 50095 4 2 17656 0 0 20643 5 2
860 5898 0 0 2949 0 0 0 0 0
862 228 1 1 38 0 0 0 0 0
879 38 1 1 0 0 0 38 0 0
880 76 0 0 0 0 0 0 0 0
884 23272 0 0 5818 0 0 0 0 0
924 11644 2 1 2911 0 0 0 0 0
938 8733 0 0 2911 20 4 0 0 0
939 2 0 0 0 0 0 1 0 0
941 8733 0 0 2911 0 0 0 0 0
946 5822 0 0 2911 0 0 2911 0 0
948 26541 1 1 20643 0 0 0 0 0
fn=_dl_setup_hash
955 7 1 1 0 0 0 0 0 0
958 21 0 0 7 0 0 0 0 0
960 7 1 1 7 0 0 0 0 0
962 14 0 0 7 7 7 7 1 1
963 7 0 0 7 0 0 0 0 0
964 7 0 0 7 1 1 0 0 0
966 21 0 0 0 0 0 0 0 0
967 7 0 0 0 0 0 7 0 0
968 21 0 0 7 0 0 7 0 0
970 7 0 0 0 0 0 7 0 0
971 14 0 0 0 0 0 0 0 0
973 7 0 0 0 0 0 7 0 0
975 21 1 1 0 0 0 7 0 0
980 7 0 0 7 0 0 0 0 0
fn=check_match
69 26271 1 1 8757 179 127 11676 5 2
72 20433 0 0 2919 295 199 0 0 0
77 2910 0 0 0 0 0 0 0 0
85 23328 1 1 2916 0 0 2916 7 3
88 6817 0 0 394 0 0 197 0 0
92 2916 0 0 2916 15 3 0 0 0
93 5832 1 1 0 0 0 0 0 0
95 5824 0 0 0 0 0 0 0 0
114 5824 0 0 5824 138 34 0 0 0
115 23296 0 0 8736 36 5 0 0 0
116 14535 1 1 5814 17 1 2907 1 1
117 10 0 0 5 0 0 0 0 0
118 10 0 0 0 0 0 0 0 0
143 8 0 0 0 0 0 0 0 0
145 24 0 0 8 3 1 0 0 0
146 16 0 0 0 0 0 0 0 0
149 2 0 0 0 0 0 0 0 0
150 7 0 0 3 0 0 1 0 0
152 3 0 0 1 0 0 1 0 0
154 9 0 0 0 0 0 0 0 0
161 17514 1 1 14595 0 0 0 0 0
fn=do_lookup_x
169 280 0 0 0 0 0 0 0 0
170 280 0 0 70 0 0 0 0 0
171 940 1 1 250 58 58 0 0 0
173 98 0 0 0 0 0 0 0 0
174 294 0 0 0 0 0 0 0 0
175 528 1 1 0 0 0 0 0 0
178 152 0 0 0 0 0 152 0 0
179 152 1 1 0 0 0 152 0 0
180 152 0 0 0 0 0 152 0 0
181 222 0 0 0 0 0 152 0 0
190 66 1 1 0 0 0 0 0 0
220 122 0 0 0 0 0 122 0 0
221 366 1 1 244 0 0 122 0 0
223 976 1 1 122 2 0 244 0 0
225 366 0 0 122 2 1 122 0 0
226 122 0 0 122 0 0 0 0 0
227 366 0 0 122 0 0 0 0 0
229 726 1 1 0 0 0 121 0 0
230 2519 0 0 187 0 0 121 0 0
233 1012 1 1 506 66 42 0 0 0
234 160 0 0 40 0 0 40 0 0
236 200 0 0 120 0 0 0 0 0
246 120 1 1 80 0 0 40 0 0
247 120 0 0 40 0 0 40 0 0
249 80 0 0 80 0 0 40 0 0
250 40 0 0 0 0 0 0 0 0
253 426 0 0 0 0 0 0 0 0
256 132 0 0 0 0 0 0 0 0
257 396 0 0 0 0 0 0 0 0
258 264 0 0 0 0 0 0 0 0
261 972 1 1 324 0 0 0 0 0
268 10 0 0 0 0 0 4 0 0
271 4 0 0 0 0 0 0 0 0
278 296 0 0 4 0 0 2 0 0
279 276 1 1 92 9 2 0 0 0
280 280 0 0 210 0 0 0 0 0
284 18 1 1 6 0 0 6 0 0
285 2 0 0 0 0 0 2 0 0
287 4 0 0 2 0 0 2 0 0
288 17470 1 1 11644 0 0 4 0 0
304 3 1 1 0 0 0 1 0 0
312 2 0 0 1 0 0 0 0 0
314 2 0 0 0 0 0 0 0 0
317 1 0 0 0 0 0 1 0 0
318 1 0 0 0 0 0 1 0 0
319 799 2 1 637 0 0 2 0 0
322 1394 2 2 410 0 0 0 0 0
330 328 0 0 82 0 0 0 0 0
341 492 1 1 164 0 0 82 0 0
346 164 0 0 164 0 0 82 0 0
348 246 0 0 164 0 0 82 0 0
349 164 0 0 0 0 0 82 0 0
362 41286 4 2 8847 0 0 29490 11 6
363 2949 0 0 2949 1 0 0 0 0
368 2949 0 0 0 0 0 0 0 0
369 2949 0 0 2949 0 0 0 0 0
373 19580 2 1 19580 30 9 0 0 0
376 19580 0 0 0 0 0 0 0 0
380 39172 0 0 6 0 0 9790 0 0
384 19576 0 0 9788 26 9 0 0 0
388 19576 2 1 9788 3 2 0 0 0
394 29364 0 0 9788 20 5 0 0 0
398 9788 0 0 0 0 0 9788 0 0
399 9788 0 0 0 0 0 9788 0 0
402 29364 0 0 19576 51 14 9788 0 0
403 29364 0 0 19576 11 4 9788 0 0
406 9788 2 1 9788 0 0 0 0 0
407 19576 0 0 0 0 0 0 0 0
409 9788 0 0 9788 849 129 0 0 0
410 8847 0 0 0 0 0 2949 0 0
411 19576 0 0 19576 0 0 0 0 0
414 48940 0 0 19576 0 0 0 0 0
417 68516 0 0 0 0 0 0 0 0
420 6166 2 1 6166 1291 218 0 0 0
421 9249 2 1 0 0 0 0 0 0
422 6166 0 0 0 0 0 0 0 0
424 6138 0 0 3069 0 0 0 0 0
427 34775 0 0 6955 2114 481 0 0 0
429 8757 0 0 2919 0 0 0 0 0
430 71556 2 1 17514 0 0 29790 5 3
431 5838 2 1 0 0 0 0 0 0
434 8775 0 0 9 0 0 0 0 0
437 12135 0 0 0 0 0 0 0 0
445 14745 2 1 0 0 0 2949 0 0
468 319 2 1 160 0 0 0 0 0
470 2 0 0 0 0 0 0 0 0
476 5822 2 1 2911 0 0 0 0 0
527 5822 0 0 0 0 0 0 0 0
530 15616 0 0 2911 0 0 0 0 0
534 5571 2 1 1857 2 1 0 0 0
546 5578 0 0 2789 0 0 2789 0 0
547 2789 0 0 0 0 0 2789 0 0
548 2911 0 0 0 0 0 0 0 0
565 20637 0 0 0 0 0 0 0 0
568 38 0 0 0 0 0 0 0 0
569 23592 1 1 20643 0 0 0 0 0
fl=/usr/src/debug/glibc-2.28-211.el8.x86_64/elf/dl-minimal.c
fn=__rtld_malloc_init_real
89 8 1 1 0 0 0 5 0 0
99 2 1 1 0 0 0 1 0 0
100 2 0 0 0 0 0 1 0 0
102 1 0 0 0 0 0 1 0 0
104 6 0 0 0 0 0 1 0 0
105 5 1 1 0 0 0 1 0 0
106 5 0 0 0 0 0 1 0 0
107 4 0 0 0 0 0 1 0 0
112 1 1 1 0 0 0 1 1 0
113 1 0 0 0 0 0 1 0 0
114 1 0 0 0 0 0 1 0 0
115 1 0 0 0 0 0 1 1 0
116 7 0 0 6 0 0 0 0 0
fn=__rtld_malloc_init_stubs
55 1 1 1 0 0 0 0 0 0
56 2 0 0 0 0 0 1 1 1
57 2 0 0 0 0 0 1 0 0
58 2 0 0 0 0 0 1 0 0
59 2 1 1 0 0 0 1 0 0
60 1 0 0 1 0 0 0 0 0
fn=lookup_malloc_symbol
74 28 1 1 0 0 0 12 0 0
76 4 1 1 0 0 0 4 0 0
77 32 0 0 4 0 0 12 0 0
81 28 0 0 16 0 0 0 0 0
82 24 0 0 12 0 0 0 0 0
84 4 0 0 0 0 0 4 0 0
85 20 0 0 16 0 0 0 0 0
fn=rtld_calloc
171 34 1 1 0 0 0 0 0 0
175 17 0 0 0 0 0 0 0 0
178 34 0 0 0 0 0 0 0 0
179 51 0 0 0 0 0 0 0 0
fn=rtld_free
188 7 1 1 0 0 0 0 0 0
190 28 0 0 14 0 0 0 0 0
fn=rtld_malloc
128 47 0 0 0 0 0 6 0 0
129 151 0 0 75 2 0 0 0 0
134 7 0 0 2 0 0 1 0 0
135 2 1 1 1 0 0 0 0 0
136 2 0 0 0 0 0 0 0 0
140 114 1 1 0 0 0 38 0 0
143 254 0 0 0 0 0 0 0 0
148 12 0 0 3 0 0 0 0 0
149 12 1 1 0 0 0 0 0 0
151 6 0 0 0 0 0 0 0 0
152 21 0 0 0 0 0 3 0 0
154 6 0 0 0 0 0 0 0 0
156 9 0 0 3 0 0 0 0 0
158 9 0 0 0 0 0 3 0 0
161 38 0 0 0 0 0 38 0 0
162 38 1 1 0 0 0 38 0 0
164 85 0 0 44 0 0 0 0 0
fl=/usr/src/debug/glibc-2.28-211.el8.x86_64/elf/dl-misc.c
fn=_dl_higher_prime_number
358 2 1 1 0 0 0 0 0 0
395 2 0 0 0 0 0 0 0 0
396 2 0 0 0 0 0 0 0 0
398 21 1 1 0 0 0 0 0 0
400 80 0 0 0 0 0 0 0 0
401 37 0 0 10 2 1 0 0 0
402 3 0 0 0 0 0 0 0 0
416 2 0 0 2 0 0 0 0 0
417 4 0 0 2 0 0 0 0 0
fn=_dl_name_match_p
340 744 1 1 0 0 0 248 1 1
341 496 0 0 124 0 0 124 0 0
342 144 0 0 0 0 0 0 0 0
344 124 0 0 124 0 0 0 0 0
346 488 0 0 0 0 0 0 0 0
347 700 1 1 140 0 0 140 0 0
350 120 0 0 120 0 0 0 0 0
352 104 0 0 0 0 0 0 0 0
353 620 0 0 372 0 0 0 0 0
fn=_dl_sysdep_read_whole_file
44 9 2 2 0 0 0 4 1 1
47 3 0 0 0 0 0 1 1 1
48 2 0 0 0 0 0 0 0 0
50 7 0 0 0 0 0 1 0 0
52 2 0 0 1 1 1 1 1 1
55 2 1 1 0 0 0 0 0 0
57 8 0 0 0 0 0 1 0 0
68 3 0 0 0 0 0 1 0 0
71 7 0 0 5 0 0 0 0 0
fl=/usr/src/debug/glibc-2.28-211.el8.x86_64/elf/dl-object.c
fn=_dl_add_to_namespace_list
31 36 1 1 0 0 0 18 0 0
33 18 1 1 6 0 0 6 0 0
35 52 0 0 6 0 0 0 0 0
38 60 0 0 20 0 0 0 0 0
40 5 0 0 0 0 0 5 0 0
42 5 0 0 0 0 0 5 0 0
45 2 1 1 0 0 0 1 0 0
46 18 0 0 6 0 0 0 0 0
47 12 0 0 6 0 0 6 0 0
48 12 0 0 0 0 0 6 0 0
50 12 0 0 6 0 0 0 0 0
51 18 0 0 18 0 0 0 0 0
fn=_dl_new_object
59 90 1 1 0 0 0 54 5 5
62 12 0 0 0 0 0 0 0 0
64 2 1 1 0 0 0 0 0 0
66 3 1 1 1 0 0 0 0 0
67 6 0 0 0 0 0 0 0 0
71 2 0 0 0 0 0 0 0 0
77 1 0 0 0 0 0 0 0 0
80 46 1 1 5 0 0 11 0 0
95 12 0 0 0 0 0 0 0 0
98 6 0 0 0 0 0 6 5 5
99 18 1 1 6 0 0 6 6 6
103 12 0 0 0 0 0 6 2 2
104 42 1 1 12 0 0 18 2 2
106 6 0 0 0 0 0 6 0 0
119 33 0 0 22 0 0 0 0 0
125 1 0 0 0 0 0 0 0 0
127 42 0 0 12 6 6 12 0 0
130 12 1 1 6 0 0 0 0 0
131 17 2 2 0 0 0 6 6 6
132 6 0 0 0 0 0 6 0 0
136 6 0 0 0 0 0 6 0 0
139 65 0 0 0 0 0 0 0 0
141 16 0 0 0 0 0 16 4 4
149 12 1 1 0 0 0 6 1 1
150 6 0 0 0 0 0 6 6 6
153 1 1 1 0 0 0 0 0 0
155 36 0 0 6 1 1 0 0 0
157 15 0 0 0 0 0 5 3 3
160 14 0 0 0 0 0 0 0 0
164 15 0 0 5 0 0 0 0 0
168 25 0 0 0 0 0 0 0 0
170 1 1 1 0 0 0 0 0 0
176 1 0 0 0 0 0 1 1 1
179 12 1 1 0 0 0 6 0 0
189 24 0 0 12 0 0 0 0 0
191 20 0 0 0 0 0 10 0 0
195 15 0 0 0 0 0 0 0 0
200 15 0 0 0 0 0 0 0 0
208 5 0 0 0 0 0 0 0 0
212 5 0 0 0 0 0 0 0 0
245 99 0 0 10 0 0 5 0 0
250 84 0 0 0 0 0 0 0 0
251 168 0 0 84 0 0 0 0 0
253 10 0 0 0 0 0 0 0 0
256 5 0 0 0 0 0 5 0 0
259 5 0 0 0 0 0 5 1 1
263 54 0 0 42 0 0 0 0 0
fl=/usr/src/debug/glibc-2.28-211.el8.x86_64/elf/dl-open.c
fn=_dl_find_dso_for_object
212 6 1 1 0 0 0 4 0 0
216 5 0 0 1 0 0 0 0 0
217 19 0 0 6 0 0 0 0 0
218 24 1 1 12 2 0 0 0 0
219 2 0 0 1 0 0 0 0 0
222 2 1 1 1 0 0 0 0 0
226 7 0 0 5 0 0 0 0 0
fl=/usr/src/debug/glibc-2.28-211.el8.x86_64/elf/dl-reloc.c
fn=_dl_protect_relro
348 14 1 1 0 0 0 7 0 0
349 42 0 0 21 1 0 0 0 0
352 21 0 0 7 0 0 0 0 0
356 14 0 0 0 0 0 0 0 0
357 49 1 1 0 0 0 7 0 0
363 14 0 0 14 0 0 0 0 0
fn=_dl_relocate_object
167 91 1 1 0 0 0 56 0 0
177 4 0 0 0 0 0 0 0 0
178 42 1 1 0 0 0 21 0 0
181 14 0 0 0 0 0 7 0 0
183 21 0 0 0 0 0 0 0 0
185 7 0 0 7 0 0 0 0 0
186 21 1 1 7 0 0 0 0 0
205 14 1 1 7 0 0 0 0 0
211 35 1 1 14 0 0 0 0 0
212 14 1 1 7 6 0 0 0 0
213 5 0 0 0 0 0 0 0 0
215 14 0 0 0 0 0 0 0 0
222 28 0 0 7 2 0 7 0 0
266 21 0 0 14 0 0 7 0 0
294 306 5 5 118 24 0 59 0 0
297 42 1 1 14 0 0 0 0 0
321 7 0 0 7 0 0 0 0 0
324 14 0 0 7 0 0 0 0 0
341 14 0 0 7 6 0 0 0 0
342 14 1 1 0 0 0 7 0 0
343 56 1 1 49 2 0 0 0 0
fl=/usr/src/debug/glibc-2.28-211.el8.x86_64/elf/dl-runtime.c
fn=_dl_fixup
45 84 2 1 0 0 0 48 0 0
47 12 2 1 12 3 2 0 0 0
48 24 0 0 24 6 4 0 0 0
53 12 0 0 12 4 3 0 0 0
54 36 0 0 12 4 3 0 0 0
55 84 0 0 24 10 7 12 0 0
57 36 0 0 24 5 4 0 0 0
62 24 0 0 0 0 0 0 0 0
66 24 0 0 12 12 12 0 0 0
68 44 0 0 11 5 3 0 0 0
70 36 2 1 12 4 3 0 0 0
74 22 0 0 22 7 5 0 0 0
75 44 0 0 11 3 2 0 0 0
83 12 0 0 0 0 0 0 0 0
84 36 2 1 12 1 1 0 0 0
94 120 0 0 24 4 3 36 4 3
98 60 0 0 36 0 0 0 0 0
108 120 1 1 48 1 0 12 0 0
123 48 0 0 12 0 0 0 0 0
132 36 0 0 12 0 0 0 0 0
149 24 1 1 12 0 0 0 0 0
158 36 2 1 12 2 1 0 0 0
162 72 0 0 60 0 0 0 0 0
fl=/usr/src/debug/glibc-2.28-211.el8.x86_64/elf/dl-sort-maps.c
fn=_dl_sort_maps
28 20 2 2 0 0 0 14 0 0
30 4 2 2 0 0 0 0 0 0
33 4 0 0 0 0 0 2 0 0
34 46 4 4 2 0 0 6 0 0
35 28 0 0 0 0 0 10 0 0
39 72 2 2 24 0 0 24 0 0
40 36 0 0 24 0 0 0 0 0
42 24 0 0 12 0 0 0 0 0
46 24 2 2 12 0 0 0 0 0
54 174 0 0 42 0 0 0 0 0
56 90 0 0 60 3 3 0 0 0
57 60 0 0 0 0 0 0 0 0
59 210 2 2 70 4 4 0 0 0
60 150 0 0 0 0 0 0 0 0
90 105 3 3 15 0 0 0 0 0
115 66 0 0 22 0 0 0 0 0
118 90 4 4 10 0 0 10 0 0
122 16 0 0 14 0 0 0 0 0
fl=/usr/src/debug/glibc-2.28-211.el8.x86_64/elf/dl-tunables.c
fn=__GI___tunables_init
69 475 0 0 95 0 0 0 0 0
72 94 0 0 0 0 0 0 0 0
75 9034 1 1 1304 45 45 0 0 0
79 188 0 0 0 0 0 0 0 0
84 282 0 0 0 0 0 94 1 1
277 4 0 0 1 0 0 0 0 0
286 9 2 2 0 0 0 6 0 0
294 188 1 1 0 0 0 0 0 0
309 10998 1 1 0 0 0 0 0 0
315 13630 0 0 5452 0 0 0 0 0
327 376 1 1 94 0 0 0 0 0
361 8 1 1 7 0 0 0 0 0
fn=__tunable_get_val
409 27 2 1 0 0 0 0 0 0
412 298 2 1 27 11 0 0 0 0
416 84 0 0 21 2 0 21 0 0
421 6 0 0 3 1 0 3 0 0
422 3 0 0 0 0 0 0 0 0
431 6 1 1 3 0 0 3 0 0
432 3 0 0 0 0 0 0 0 0
438 135 0 0 27 2 0 0 0 0
440 27 0 0 27 0 0 0 0 0
fl=/usr/src/debug/glibc-2.28-211.el8.x86_64/elf/dl-tunables.h
fn=__GI___tunables_init
124 4022 0 0 1870 8 8 0 0 0
125 4159 0 0 0 0 0 0 0 0
fl=/usr/src/debug/glibc-2.28-211.el8.x86_64/elf/dl-version.c
fn=_dl_check_all_versions
362 6 1 1 0 0 0 4 0 0
364 2 0 0 0 0 0 0 0 0
366 26 0 0 7 0 0 0 0 0
368 70 1 1 7 0 0 7 0 0
371 7 0 0 5 0 0 0 0 0
fn=_dl_check_map_versions
37 192 0 0 24 0 0 0 0 0
38 54 0 0 54 0 0 0 0 0
39 330 1 1 0 0 0 66 0 0
57 60 0 0 60 0 0 0 0 0
65 90 0 0 30 0 0 0 0 0
71 90 0 0 30 0 0 0 0 0
87 30 0 0 30 1 0 0 0 0
88 60 0 0 0 0 0 0 0 0
90 30 1 1 30 0 0 0 0 0
95 752 0 0 301 24 24 30 0 0
109 602 0 0 301 11 11 0 0 0
111 30 1 1 30 1 1 0 0 0
114 252 0 0 72 0 0 30 0 0
121 813 0 0 271 8 8 0 0 0
125 271 0 0 0 0 0 0 0 0
143 60 0 0 0 0 0 36 0 0
156 56 1 1 0 0 0 42 0 0
157 7 0 0 0 0 0 7 0 0
165 7 1 1 0 0 0 0 0 0
171 21 0 0 7 0 0 0 0 0
173 21 0 0 7 0 0 14 0 0
175 14 1 1 7 0 0 7 0 0
176 28 0 0 7 0 0 14 0 0
178 14 0 0 0 0 0 0 0 0
181 15 0 0 10 0 0 5 0 0
185 25 0 0 5 4 4 0 0 0
199 7 0 0 0 0 0 0 0 0
201 36 1 1 36 1 1 0 0 0
209 36 0 0 12 0 0 0 0 0
210 5 1 1 0 0 0 0 0 0
214 36 0 0 24 1 1 0 0 0
218 315 1 1 228 0 0 30 0 0
220 30 0 0 30 0 0 0 0 0
222 78 1 1 30 7 7 30 0 0
225 120 1 1 30 0 0 0 0 0
228 90 0 0 30 0 0 0 0 0
233 18 0 0 0 0 0 0 0 0
237 48 1 1 24 0 0 0 0 0
242 14 0 0 0 0 0 7 0 0
251 25 1 1 7 0 0 0 0 0
254 20 0 0 15 0 0 0 0 0
257 400 0 0 100 8 8 0 0 0
260 300 0 0 100 4 4 0 0 0
264 95 0 0 0 0 0 0 0 0
268 12 0 0 0 0 0 0 0 0
273 6 0 0 0 0 0 6 1 0
274 12 0 0 0 0 0 0 0 0
275 12 0 0 0 0 0 0 0 0
285 6 0 0 0 0 0 6 0 0
288 18 0 0 12 1 0 6 0 0
290 18 1 1 6 0 0 0 0 0
293 15 0 0 15 0 0 0 0 0
295 7 0 0 0 0 0 0 0 0
297 36 0 0 12 0 0 0 0 0
300 90 0 0 30 0 0 0 0 0
302 90 0 0 0 0 0 0 0 0
304 150 1 1 30 0 0 30 0 0
305 90 0 0 0 0 0 30 11 11
306 90 0 0 30 0 0 30 1 1
307 90 0 0 30 0 0 30 3 3
310 90 0 0 30 0 0 0 0 0
315 18 0 0 0 0 0 0 0 0
318 36 0 0 12 0 0 0 0 0
323 7 0 0 0 0 0 0 0 0
328 18 1 1 6 0 0 0 0 0
331 20 0 0 15 0 0 0 0 0
335 95 0 0 95 0 0 0 0 0
337 200 1 1 100 0 0 0 0 0
341 95 0 0 95 0 0 0 0 0
342 475 0 0 95 0 0 95 25 25
343 285 0 0 95 0 0 95 0 0
344 95 0 0 0 0 0 95 12 12
347 305 0 0 100 0 0 0 0 0
351 95 0 0 0 0 0 0 0 0
357 63 1 1 56 0 0 0 0 0
fl=/usr/src/debug/glibc-2.28-211.el8.x86_64/elf/do-rel.h
fn=_dl_relocate_object
48 14 0 0 0 0 0 0 0 0
49 28 0 0 0 0 0 14 0 0
50 14 0 0 14 2 0 0 0 0
52 8 0 0 0 0 0 6 0 0
53 9 1 1 0 0 0 7 0 0
60 28 0 0 0 0 0 0 0 0
63 115 0 0 2 0 0 0 0 0
65 132 1 1 33 13 13 0 0 0
76 4 0 0 0 0 0 0 0 0
77 4 0 0 0 0 0 0 0 0
85 24 0 0 12 0 0 12 0 0
86 12 1 1 12 0 0 0 0 0
88 24 0 0 0 0 0 0 0 0
100 36 0 0 0 0 0 0 0 0
110 22 0 0 1 1 0 0 0 0
113 5989 1 1 0 0 0 0 0 0
114 3976 0 0 1988 251 249 0 0 0
120 36 0 0 12 8 0 0 0 0
123 22 1 1 11 4 0 11 0 0
126 12688 1 1 4233 0 0 0 0 0
128 21110 1 1 12666 2422 1283 0 0 0
129 16888 0 0 4222 0 0 4222 0 0
130 12666 0 0 8444 0 0 4222 0 0
131 16888 0 0 4222 1 0 0 0 0
133 12666 0 0 0 0 0 0 0 0
135 264 1 1 66 0 0 66 0 0
138 132 1 1 0 0 0 66 0 0
142 4156 0 0 0 0 0 4156 0 0
145 8312 0 0 0 0 0 0 0 0
146 2754 1 1 918 2 0 0 0 0
158 30 0 0 12 0 0 0 0 0
159 252 0 0 3 0 0 0 0 0
160 237 0 0 79 0 0 0 0 0
163 198 0 0 132 0 0 0 0 0
164 198 2 1 66 0 0 66 0 0
165 66 0 0 0 0 0 0 0 0
166 66 0 0 66 0 0 0 0 0
167 132 0 0 66 0 0 0 0 0
175 27 2 2 9 0 0 2 0 0
177 42 1 1 12 2 2 6 0 0
178 12 0 0 12 0 0 0 0 0
180 18 0 0 0 0 0 0 0 0
188 6 0 0 0 0 0 6 0 0
191 12 0 0 0 0 0 0 0 0
205 2 0 0 0 0 0 0 0 0
fn=_dl_start
85 1 0 0 1 0 0 0 0 0
86 1 0 0 1 0 0 0 0 0
113 144 0 0 0 0 0 0 0 0
114 94 0 0 47 7 7 0 0 0
118 2 0 0 1 0 0 0 0 0
126 21 1 1 0 0 0 0 0 0
128 18 0 0 6 1 1 0 0 0
129 12 1 1 0 0 0 0 0 0
130 12 0 0 6 0 0 0 0 0
fl=/usr/src/debug/glibc-2.28-211.el8.x86_64/elf/get-dynamic-info.h
fn=_dl_map_object_from_fd
42 10 1 1 0 0 0 0 0 0
46 5 0 0 0 0 0 0 0 0
48 420 0 0 140 39 39 0 0 0
50 270 1 1 0 0 0 0 0 0
63 145 0 0 0 0 0 0 0 0
64 230 0 0 0 0 0 130 31 31
65 20 0 0 0 0 0 0 0 0
67 5 0 0 0 0 0 0 0 0
68 25 1 1 0 0 0 0 0 0
70 5 0 0 0 0 0 0 0 0
71 20 1 1 0 0 0 0 0 0
72 5 0 0 0 0 0 0 0 0
73 20 0 0 0 0 0 5 0 0
74 135 0 0 0 0 0 0 0 0
81 10 1 1 0 0 0 0 0 0
101 17 0 0 7 0 0 0 0 0
102 20 0 0 10 0 0 0 0 0
103 20 1 1 10 0 0 0 0 0
104 20 0 0 10 0 0 0 0 0
106 20 0 0 10 0 0 0 0 0
111 20 0 0 10 0 0 0 0 0
112 19 1 1 9 1 1 0 0 0
113 20 0 0 10 0 0 0 0 0
118 15 0 0 5 0 0 0 0 0
123 10 0 0 5 0 0 0 0 0
130 10 0 0 5 0 0 0 0 0
131 15 1 1 10 0 0 0 0 0
149 15 0 0 5 0 0 0 0 0
154 4 0 0 2 0 0 2 0 0
156 4 0 0 0 0 0 0 0 0
158 4 0 0 0 0 0 0 0 0
160 4 0 0 0 0 0 0 0 0
161 2 0 0 0 0 0 2 0 0
163 15 1 1 5 0 0 0 0 0
165 15 0 0 5 0 0 5 1 1
166 10 0 0 0 0 0 0 0 0
175 10 0 0 5 0 0 0 0 0
176 15 1 1 0 0 0 0 0 0
180 10 0 0 0 0 0 0 0 0
181 8 0 0 4 0 0 4 0 0
183 10 0 0 5 0 0 0 0 0
fn=_dl_start
48 63 0 0 21 6 6 0 0 0
50 40 1 1 0 0 0 0 0 0
63 25 0 0 0 0 0 0 0 0
64 34 0 0 0 0 0 19 5 5
65 4 0 0 0 0 0 0 0 0
67 2 0 0 0 0 0 0 0 0
68 5 2 2 0 0 0 0 0 0
70 3 0 0 0 0 0 0 0 0
71 5 1 1 0 0 0 0 0 0
72 1 0 0 0 0 0 0 0 0
73 5 0 0 0 0 0 1 1 1
74 20 0 0 0 0 0 0 0 0
81 2 1 1 0 0 0 0 0 0
101 4 0 0 2 0 0 0 0 0
102 4 0 0 2 0 0 0 0 0
103 4 1 1 2 0 0 0 0 0
104 4 0 0 2 0 0 0 0 0
106 4 0 0 2 0 0 0 0 0
111 4 0 0 2 0 0 0 0 0
112 4 1 1 2 0 0 0 0 0
113 4 0 0 2 0 0 0 0 0
118 3 0 0 1 0 0 0 0 0
123 2 0 0 1 0 0 0 0 0
130 3 0 0 1 0 0 0 0 0
131 3 1 1 2 0 0 0 0 0
139 5 0 0 2 0 0 0 0 0
142 3 0 0 1 1 1 0 0 0
146 2 1 1 1 0 0 0 0 0
147 2 0 0 1 0 0 0 0 0
fn=dl_main
33 1 0 0 1 0 0 0 0 0
42 2 0 0 0 0 0 0 0 0
46 1 0 0 0 0 0 0 0 0
48 81 0 0 27 7 7 0 0 0
50 52 0 0 0 0 0 0 0 0
63 17 1 1 0 0 0 0 0 0
64 36 0 0 0 0 0 25 5 5
65 4 0 0 0 0 0 0 0 0
67 1 0 0 0 0 0 0 0 0
68 5 1 1 0 0 0 0 0 0
70 1 0 0 0 0 0 0 0 0
71 5 1 1 0 0 0 0 0 0
72 1 0 0 0 0 0 0 0 0
73 4 1 1 0 0 0 1 0 0
74 26 0 0 0 0 0 0 0 0
81 3 0 0 1 0 0 0 0 0
118 3 1 1 1 0 0 0 0 0
123 2 0 0 1 0 0 0 0 0
130 2 1 1 1 0 0 0 0 0
131 3 0 0 2 0 0 0 0 0
149 3 0 0 1 0 0 0 0 0
163 3 1 1 1 1 1 0 0 0
183 2 1 1 1 0 0 0 0 0
fl=/usr/src/debug/glibc-2.28-211.el8.x86_64/elf/rtld.c
fn=_dl_start
71 8 1 1 0 0 0 2 1 1
471 2 0 0 0 0 0 1 0 0
472 2 0 0 0 0 0 1 0 0
473 2 1 1 0 0 0 1 1 1
474 2 0 0 0 0 0 1 0 0
475 2 0 0 0 0 0 1 0 0
484 1 0 0 0 0 0 1 0 0
490 4 1 0 0 0 0 1 0 0
492 2 0 0 1 0 0 0 0 0
504 10 1 1 0 0 0 6 1 1
545 1 0 0 0 0 0 1 1 1
548 1 0 0 0 0 0 1 1 1
559 2 0 0 0 0 0 0 0 0
564 25 2 2 9 0 0 0 0 0
566 1 0 0 1 1 1 0 0 0
579 1 1 1 0 0 0 1 1 1
594 9 1 0 7 2 0 0 0 0
fn=dl_main
71 16 2 2 0 0 0 0 0 0
78 13 1 1 0 0 0 0 0 0
79 2 0 0 0 0 0 1 0 0
87 7 0 0 3 0 0 0 0 0
192 1 0 0 0 0 0 1 0 0
193 1 1 1 0 0 0 1 0 0
194 1 0 0 0 0 0 1 1 1
219 2 1 1 2 1 1 0 0 0
220 2 0 0 2 0 0 0 0 0
221 4 0 0 0 0 0 0 0 0
291 1 0 0 0 0 0 1 0 0
292 1 0 0 0 0 0 1 0 0
293 1 0 0 0 0 0 1 0 0
294 1 0 0 0 0 0 1 0 0
295 1 0 0 0 0 0 1 0 0
296 1 1 1 0 0 0 1 0 0
297 1 0 0 0 0 0 1 0 0
298 2 1 1 0 0 0 1 0 0
864 1 0 0 1 0 0 0 0 0
866 1 0 0 0 0 0 1 0 0
875 1 0 0 0 0 0 1 0 0
877 1 0 0 0 0 0 1 0 0
882 1 0 0 0 0 0 1 0 0
1191 14 2 2 0 0 0 9 1 1
1196 1 0 0 0 0 0 1 0 0
1199 1 0 0 0 0 0 1 0 0
1200 1 0 0 0 0 0 1 0 0
1205 2 0 0 0 0 0 1 1 1
1209 2 0 0 0 0 0 1 1 1
1210 2 1 1 0 0 0 1 0 0
1215 2 0 0 0 0 0 1 1 1
1221 1 0 0 0 0 0 1 1 1
1223 3 0 0 2 0 0 1 0 0
1224 4 1 1 2 0 0 0 0 0
1488 8 2 2 0 0 0 1 0 0
1490 2 0 0 0 0 0 0 0 0
1491 1 0 0 0 0 0 1 1 1
1492 2 0 0 1 0 0 1 0 0
1493 3 0 0 2 0 0 1 0 0
1497 3 1 1 0 0 0 1 0 0
1498 2 0 0 1 0 0 0 0 0
1519 1 0 0 0 0 0 1 0 0
1520 1 0 0 0 0 0 1 0 0
1522 2 1 1 0 0 0 1 0 0
1524 1 0 0 1 0 0 0 0 0
1527 33 0 0 1 0 0 0 0 0
1528 74 2 2 9 4 4 0 0 0
1532 3 1 1 2 0 0 1 0 0
1533 1 0 0 0 0 0 0 0 0
1537 3 1 1 2 0 0 1 0 0
1538 1 0 0 0 0 0 0 0 0
1546 2 0 0 0 0 0 1 0 0
1547 2 0 0 2 1 1 0 0 0
1549 1 0 0 0 0 0 1 0 0
1556 3 1 1 1 0 0 0 0 0
1568 2 1 1 0 0 0 2 0 0
1574 2 0 0 0 0 0 1 0 0
1582 4 0 0 2 0 0 0 0 0
1583 11 0 0 5 1 1 1 0 0
1584 4 1 1 2 0 0 0 0 0
1585 1 0 0 0 0 0 1 0 0
1588 4 0 0 2 1 1 0 0 0
1589 4 0 0 2 0 0 0 0 0
1590 2 0 0 0 0 0 2 0 0
1591 6 0 0 3 0 0 0 0 0
1592 2 0 0 0 0 0 1 0 0
1619 2 0 0 1 0 0 1 0 0
1623 2 0 0 1 0 0 1 1 1
1624 2 0 0 1 0 0 1 0 0
1625 1 0 0 0 0 0 0 0 0
1636 6 1 1 4 1 1 0 0 0
1639 2 0 0 0 0 0 0 0 0
1641 2 0 0 0 0 0 0 0 0
1643 2 1 1 1 0 0 0 0 0
1656 3 0 0 1 0 0 0 0 0
1657 6 0 0 2 0 0 1 0 0
1659 3 0 0 3 0 0 0 0 0
1662 1 0 0 0 0 0 1 0 0
1664 1 1 1 0 0 0 1 0 0
1665 1 0 0 0 0 0 1 0 0
1667 2 0 0 1 0 0 0 0 0
1668 2 0 0 0 0 0 1 0 0
1672 2 0 0 1 0 0 0 0 0
1674 2 1 1 1 0 0 0 0 0
1682 3 0 0 1 0 0 0 0 0
1689 2 1 1 0 0 0 1 0 0
1692 2 0 0 1 0 0 0 0 0
1708 4 2 2 0 0 0 1 0 0
1714 9 2 2 1 0 0 2 0 0
1722 4 0 0 1 0 0 2 0 0
1724 1 0 0 0 0 0 1 0 0
1729 2 1 1 1 0 0 0 0 0
1732 4 2 2 2 0 0 1 0 0
1733 4 0 0 1 0 0 1 0 0
1734 2 0 0 0 0 0 1 0 0
1735 1 0 0 0 0 0 1 0 0
1736 1 0 0 1 0 0 0 0 0
1737 1 1 1 1 0 0 0 0 0
1742 2 0 0 1 0 0 0 0 0
1743 5 0 0 1 0 0 1 0 0
1760 2 0 0 1 1 1 0 0 0
1761 2 1 1 1 0 0 0 0 0
1763 2 0 0 1 0 0 0 0 0
1765 1 0 0 0 0 0 1 0 0
1766 3 0 0 1 0 0 1 0 0
1771 5 1 1 0 0 0 0 0 0
1772 5 0 0 1 1 1 0 0 0
1774 2 1 1 1 0 0 1 1 1
1775 2 0 0 1 0 0 1 0 0
1780 2 0 0 1 1 1 0 0 0
1789 2 1 1 1 0 0 0 0 0
1793 2 0 0 0 0 0 0 0 0
1794 2 0 0 1 0 0 0 0 0
1818 2 1 1 0 0 0 2 0 0
1826 3 1 1 1 0 0 0 0 0
1829 2 0 0 1 0 0 1 0 0
1833 3 0 0 1 0 0 0 0 0
1838 2 0 0 1 0 0 1 0 0
1839 1 0 0 0 0 0 1 0 0
1840 1 0 0 0 0 0 0 0 0
1844 3 1 1 0 0 0 1 0 0
1849 3 0 0 2 0 0 0 0 0
1851 1 0 0 0 0 0 0 0 0
1853 2 0 0 1 0 0 0 0 0
1857 5 0 0 1 0 0 1 0 0
1862 2 0 0 1 0 0 0 0 0
1878 5 1 1 0 0 0 1 0 0
1954 4 0 0 2 0 0 0 0 0
1958 19 2 2 1 0 0 0 0 0
1959 2 0 0 0 0 0 0 0 0
1962 3 0 0 0 0 0 1 0 0
1963 1 0 0 1 0 0 0 0 0
1964 2 0 0 0 0 0 0 0 0
1965 2 0 0 0 0 0 0 0 0
1970 3 0 0 1 0 0 0 0 0
1980 8 1 1 1 0 0 1 0 0
1986 24 0 0 1 0 0 0 0 0
1987 24 1 1 15 0 0 0 0 0
1990 4 0 0 3 0 0 1 0 0
1991 3 1 1 1 0 0 0 0 0
1992 1 0 0 0 0 0 1 0 0
1994 19 1 1 0 0 0 0 0 0
1995 28 0 0 7 0 0 0 0 0
2005 2 1 1 0 0 0 1 0 0
2007 2 0 0 1 0 0 1 0 0
2008 2 0 0 0 0 0 0 0 0
2010 2 0 0 0 0 0 1 0 0
2012 3 0 0 0 0 0 0 0 0
2014 3 0 0 1 0 0 0 0 0
2015 1 0 0 1 0 0 0 0 0
2016 2 0 0 0 0 0 0 0 0
2028 2 1 1 0 0 0 0 0 0
2029 2 0 0 0 0 0 1 0 0
2030 3 0 0 1 0 0 0 0 0
2033 2 1 1 1 0 0 0 0 0
2041 4 0 0 0 0 0 1 0 0
2042 4 0 0 0 0 0 1 0 0
2043 5 1 1 0 0 0 1 0 0
2053 2 0 0 1 0 0 1 0 0
2054 2 0 0 1 0 0 0 0 0
2055 4 1 1 0 0 0 2 0 0
2057 2 0 0 0 0 0 0 0 0
2062 3 0 0 1 0 0 0 0 0
2292 3 1 1 1 1 0 0 0 0
2348 1 0 0 0 0 0 1 0 0
2352 2 0 0 1 0 0 1 0 0
2356 2 1 1 1 0 0 1 0 0
2359 2 0 0 0 0 0 0 0 0
2367 1 0 0 1 0 0 0 0 0
2417 3 0 0 1 0 0 0 0 0
2420 1 0 0 1 0 0 0 0 0
2424 1 0 0 1 0 0 0 0 0
2425 25 2 1 0 0 0 0 0 0
2427 21 0 0 14 4 0 0 0 0
2432 14 0 0 14 5 0 0 0 0
2434 16 0 0 0 0 0 0 0 0
2436 1 1 1 0 0 0 1 0 0
2437 1 0 0 1 0 0 0 0 0
2440 7 0 0 7 0 0 0 0 0
2442 21 1 1 0 0 0 0 0 0
2443 48 0 0 12 5 0 6 0 0
2447 18 0 0 9 2 0 0 0 0
2448 6 0 0 0 0 0 2 0 0
2456 2 0 0 1 0 0 0 0 0
2461 4 1 1 2 1 0 0 0 0
2463 1 0 0 1 0 0 0 0 0
2470 4 0 0 1 1 0 1 0 0
2473 2 0 0 1 0 0 0 0 0
2482 3 1 1 2 1 0 0 0 0
2484 4 0 0 1 0 0 0 0 0
2496 2 0 0 0 0 0 1 0 0
2502 1 1 1 1 0 0 0 0 0
2503 5 0 0 1 0 0 1 0 0
2511 3 1 1 1 1 0 1 0 0
2518 1 0 0 0 0 0 1 0 0
2522 3 0 0 0 0 0 1 0 0
2527 4 0 0 0 0 0 1 0 0
2528 1 0 0 0 0 0 1 0 0
2529 1 0 0 0 0 0 1 0 0
2530 1 0 0 0 0 0 0 0 0
2534 1 0 0 0 0 0 1 0 0
2539 8 0 0 7 1 0 0 0 0
2672 2 0 0 1 0 0 1 1 1
2674 1 0 0 0 0 0 0 0 0
2680 8 0 0 1 0 0 2 1 1
2682 8 0 0 2 0 0 2 0 0
2684 1 0 0 0 0 0 0 0 0
2686 41 0 0 8 0 0 0 0 0
2687 7 1 1 0 0 0 0 0 0
2689 2 0 0 0 0 0 0 0 0
2695 8 0 0 1 1 1 0 0 0
2707 3 0 0 0 0 0 1 1 1
2716 2 1 1 1 0 0 0 0 0
2723 6 1 1 3 0 0 0 0 0
2725 2 0 0 0 0 0 1 0 0
2726 1 0 0 0 0 0 0 0 0
2842 3 1 1 1 0 0 0 0 0
2874 2 0 0 0 0 0 0 0 0
fn=do_preload
815 6 1 1 0 0 0 3 0 0
817 1 1 1 0 0 0 1 0 0
821 1 0 0 0 0 0 1 0 0
822 1 0 0 0 0 0 1 0 0
823 1 0 0 0 0 0 1 0 0
825 1 0 0 1 0 0 0 0 0
827 6 0 0 0 0 0 1 0 0
828 3 0 0 1 0 0 0 0 0
836 3 0 0 1 0 0 0 0 0
842 5 0 0 4 0 0 0 0 0
fn=dso_name_valid_for_suid
177 4 1 1 0 0 0 2 0 0
178 3 0 0 1 0 0 0 0 0
186 2 0 0 1 0 0 0 0 0
187 5 1 1 3 0 0 0 0 0
fn=handle_preload_list
896 15 2 2 1 1 1 6 0 0
897 1 0 0 0 0 0 0 0 0
901 4 0 0 2 0 0 0 0 0
904 4 0 0 0 0 0 1 0 0
905 3 1 1 0 0 0 0 0 0
907 4 0 0 0 0 0 1 0 0
908 2 0 0 0 0 0 1 0 0
914 1 0 0 0 0 0 0 0 0
916 2 0 0 1 0 0 0 0 0
918 4 0 0 0 0 0 1 0 0
919 5 0 0 0 0 0 1 0 0
922 9 0 0 7 0 0 0 0 0
fn=init_tls
743 3 0 0 0 0 0 2 0 0
745 2 0 0 1 0 0 1 0 0
749 3 1 1 1 1 0 0 0 0
755 2 1 1 0 0 0 1 0 0
758 1 0 0 0 0 0 1 0 0
759 2 0 0 0 0 0 0 0 0
764 1 0 0 0 0 0 0 0 0
766 1 0 0 0 0 0 1 0 0
770 2 0 0 1 1 1 0 0 0
771 3 0 0 0 0 0 0 0 0
772 17 0 0 1 0 0 0 0 0
773 7 1 1 7 0 0 0 0 0
774 21 0 0 7 1 0 0 0 0
778 4 0 0 0 0 0 2 1 1
780 6 0 0 0 0 0 0 0 0
782 2 0 0 1 0 0 0 0 0
785 2 0 0 0 0 0 1 0 0
788 1 0 0 0 0 0 1 0 0
795 2 0 0 0 0 0 1 0 0
796 2 0 0 0 0 0 0 0 0
802 2 0 0 1 0 0 1 0 0
805 7 1 1 0 0 0 2 0 0
808 1 0 0 0 0 0 1 0 0
811 5 0 0 3 0 0 0 0 0
fn=map_doit
650 3 1 1 0 0 0 1 0 0
652 4 0 0 1 0 0 0 0 0
653 6 0 0 2 0 0 2 1 1
655 2 0 0 2 0 0 0 0 0
fn=rtld_lock_default_lock_recursive
848 131 2 2 0 0 0 0 0 0
849 131 0 0 131 5 2 0 0 0
850 131 0 0 131 0 0 0 0 0
fn=rtld_lock_default_unlock_recursive
854 131 0 0 0 0 0 0 0 0
855 131 0 0 131 1 0 0 0 0
856 131 0 0 131 0 0 0 0 0
fn=version_check_doit
683 3 1 1 0 0 0 1 0 0
685 6 1 1 2 0 0 1 0 0
689 2 0 0 2 0 0 0 0 0
fl=/usr/src/debug/glibc-2.28-211.el8.x86_64/elf/setup-vdso.h
fn=dl_main
24 2 0 0 1 0 0 0 0 0
fl=/usr/src/debug/glibc-2.28-211.el8.x86_64/io/../sysdeps/unix/sysv/linux/access.c
fn=access
25 1 0 0 0 0 0 0 0 0
27 7 0 0 0 0 0 1 0 0
31 1 0 0 1 0 0 0 0 0
fl=/usr/src/debug/glibc-2.28-211.el8.x86_64/io/../sysdeps/unix/sysv/linux/close_nocancel.c
fn=__GI___close_nocancel
25 6 1 1 0 0 0 0 0 0
26 24 0 0 0 0 0 0 0 0
27 6 0 0 6 0 0 0 0 0
fl=/usr/src/debug/glibc-2.28-211.el8.x86_64/io/../sysdeps/unix/sysv/linux/lseek64.c
fn=lseek
28 7 1 1 0 0 0 0 0 0
36 28 0 0 0 0 0 0 0 0
38 7 0 0 7 0 0 0 0 0
fl=/usr/src/debug/glibc-2.28-211.el8.x86_64/io/../sysdeps/unix/sysv/linux/open64_nocancel.c
fn=__open_nocancel
34 12 1 1 0 0 0 6 1 1
37 42 1 1 0 0 0 0 0 0
45 42 0 0 0 0 0 0 0 0
47 6 0 0 6 0 0 0 0 0
fl=/usr/src/debug/glibc-2.28-211.el8.x86_64/io/../sysdeps/unix/sysv/linux/read_nocancel.c
fn=__read_nocancel
25 12 1 1 0 0 0 0 0 0
26 48 0 0 0 0 0 0 0 0
27 12 0 0 12 0 0 0 0 0
fl=/usr/src/debug/glibc-2.28-211.el8.x86_64/io/../sysdeps/unix/sysv/linux/wordsize-64/fxstat.c
fn=_fxstat
33 12 1 1 0 0 0 0 0 0
34 12 0 0 0 0 0 0 0 0
35 36 1 1 0 0 0 0 0 0
39 6 0 0 6 0 0 0 0 0
fl=/usr/src/debug/glibc-2.28-211.el8.x86_64/malloc/scratch_buffer_set_array_size.c
fn=__libc_scratch_buffer_set_array_size
30 25 1 1 0 0 0 15 0 0
31 10 0 0 0 0 0 0 0 0
34 10 0 0 0 0 0 0 0 0
35 10 0 0 0 0 0 0 0 0
45 10 0 0 5 0 0 0 0 0
46 5 0 0 0 0 0 0 0 0
63 20 1 1 20 0 0 0 0 0
fl=/usr/src/debug/glibc-2.28-211.el8.x86_64/misc/../sysdeps/unix/syscall-template.S
fn=mprotect
78 60 1 1 0 0 0 0 0 0
79 12 0 0 12 0 0 0 0 0
fn=munmap
78 5 1 1 0 0 0 0 0 0
79 1 0 0 1 0 0 0 0 0
fl=/usr/src/debug/glibc-2.28-211.el8.x86_64/misc/../sysdeps/unix/sysv/linux/mmap64.c
fn=mmap
41 208 2 2 0 0 0 96 2 1
44 32 0 0 0 0 0 0 0 0
47 74 1 1 5 0 0 0 0 0
52 160 0 0 0 0 0 0 0 0
54 112 0 0 112 0 0 0 0 0
fl=/usr/src/debug/glibc-2.28-211.el8.x86_64/posix/../sysdeps/unix/syscall-template.S
fn=uname
78 5 1 1 0 0 0 0 0 0
79 1 0 0 1 0 0 0 0 0
fl=/usr/src/debug/glibc-2.28-211.el8.x86_64/setjmp/../sysdeps/x86_64/setjmp.S
fn=__sigsetjmp
30 13 1 1 0 0 0 0 0 0
32 13 0 0 0 0 0 13 0 0
41 13 0 0 0 0 0 0 0 0
42 26 0 0 13 0 0 0 0 0
43 13 0 0 0 0 0 13 0 0
47 13 0 0 0 0 0 13 1 1
48 13 0 0 0 0 0 13 0 0
49 13 0 0 0 0 0 13 0 0
50 13 0 0 0 0 0 13 0 0
51 13 0 0 0 0 0 0 0 0
53 26 0 0 13 0 0 0 0 0
55 13 0 0 0 0 0 13 1 1
56 13 1 1 13 0 0 0 0 0
57 13 0 0 0 0 0 0 0 0
59 26 0 0 13 0 0 0 0 0
61 13 0 0 0 0 0 13 0 0
69 13 0 0 0 0 0 0 0 0
72 13 0 0 0 0 0 0 0 0
73 13 0 0 0 0 0 13 1 1
80 13 0 0 0 0 0 0 0 0
81 13 0 0 13 0 0 0 0 0
fl=/usr/src/debug/glibc-2.28-211.el8.x86_64/string/../include/rtld-malloc.h
fn=strdup
56 15 0 0 5 0 0 5 0 0
fl=/usr/src/debug/glibc-2.28-211.el8.x86_64/string/../sysdeps/x86_64/memcmp.S
fn=bcmp
23 1 1 1 0 0 0 0 0 0
24 1 0 0 0 0 0 0 0 0
25 1 0 0 0 0 0 0 0 0
26 1 0 0 0 0 0 0 0 0
27 1 0 0 0 0 0 0 0 0
28 1 0 0 0 0 0 0 0 0
29 1 0 0 0 0 0 0 0 0
30 1 0 0 0 0 0 0 0 0
31 1 0 0 0 0 0 0 0 0
34 1 0 0 0 0 0 0 0 0
35 1 0 0 0 0 0 0 0 0
36 1 1 1 1 0 0 0 0 0
37 1 0 0 1 0 0 0 0 0
38 1 0 0 0 0 0 0 0 0
39 1 0 0 0 0 0 0 0 0
40 1 0 0 0 0 0 0 0 0
41 1 0 0 0 0 0 0 0 0
42 1 0 0 0 0 0 0 0 0
44 1 0 0 0 0 0 0 0 0
45 1 0 0 0 0 0 0 0 0
54 1 1 1 0 0 0 0 0 0
55 1 0 0 0 0 0 0 0 0
64 1 0 0 0 0 0 0 0 0
65 1 0 0 0 0 0 0 0 0
66 1 0 0 1 0 0 0 0 0
67 1 0 0 1 0 0 0 0 0
68 1 0 0 0 0 0 0 0 0
69 1 0 0 0 0 0 0 0 0
70 1 0 0 0 0 0 0 0 0
71 1 0 0 0 0 0 0 0 0
72 1 0 0 0 0 0 0 0 0
98 1 1 1 0 0 0 0 0 0
99 1 0 0 0 0 0 0 0 0
100 1 0 0 0 0 0 0 0 0
101 1 0 0 0 0 0 0 0 0
102 1 0 0 0 0 0 0 0 0
103 1 0 0 0 0 0 0 0 0
104 1 1 1 0 0 0 0 0 0
105 1 0 0 0 0 0 0 0 0
106 1 0 0 0 0 0 0 0 0
107 1 0 0 0 0 0 0 0 0
108 1 0 0 0 0 0 0 0 0
109 1 0 0 0 0 0 0 0 0
110 1 0 0 1 0 0 0 0 0
fl=/usr/src/debug/glibc-2.28-211.el8.x86_64/string/../sysdeps/x86_64/multiarch/../strchr.S
fn=index
23 27 1 1 0 0 0 0 0 0
24 27 0 0 0 0 0 0 0 0
25 27 0 0 0 0 0 0 0 0
26 27 0 0 0 0 0 0 0 0
27 27 0 0 0 0 0 0 0 0
28 27 0 0 0 0 0 0 0 0
29 27 0 0 0 0 0 0 0 0
30 27 0 0 0 0 0 0 0 0
31 27 0 0 0 0 0 0 0 0
32 27 0 0 27 3 3 0 0 0
33 27 0 0 0 0 0 0 0 0
34 27 1 1 0 0 0 0 0 0
35 27 0 0 0 0 0 0 0 0
36 27 0 0 0 0 0 0 0 0
37 27 0 0 0 0 0 0 0 0
38 27 0 0 0 0 0 0 0 0
39 27 0 0 0 0 0 0 0 0
40 27 0 0 0 0 0 0 0 0
41 23 0 0 0 0 0 0 0 0
45 23 0 0 0 0 0 0 0 0
46 23 0 0 0 0 0 0 0 0
47 23 0 0 23 0 0 0 0 0
48 23 0 0 0 0 0 0 0 0
50 23 0 0 23 0 0 0 0 0
54 4 0 0 4 0 0 0 0 0
55 4 0 0 0 0 0 0 0 0
56 4 0 0 0 0 0 0 0 0
57 4 1 1 0 0 0 0 0 0
58 4 0 0 0 0 0 0 0 0
59 4 0 0 0 0 0 0 0 0
60 4 0 0 4 0 0 0 0 0
61 4 0 0 0 0 0 0 0 0
62 4 0 0 0 0 0 0 0 0
63 4 0 0 0 0 0 0 0 0
64 4 0 0 0 0 0 0 0 0
65 4 0 0 0 0 0 0 0 0
66 4 0 0 0 0 0 0 0 0
67 4 0 0 4 1 1 0 0 0
68 4 0 0 0 0 0 0 0 0
69 4 0 0 0 0 0 0 0 0
70 4 0 0 0 0 0 0 0 0
71 4 0 0 0 0 0 0 0 0
72 4 0 0 0 0 0 0 0 0
73 4 1 1 0 0 0 0 0 0
74 4 0 0 0 0 0 0 0 0
75 4 0 0 0 0 0 0 0 0
76 4 0 0 0 0 0 0 0 0
77 4 0 0 0 0 0 0 0 0
129 4 1 1 0 0 0 0 0 0
133 4 0 0 0 0 0 0 0 0
134 4 0 0 0 0 0 0 0 0
135 4 0 0 4 0 0 0 0 0
136 4 0 0 0 0 0 0 0 0
138 4 0 0 4 0 0 0 0 0
fl=/usr/src/debug/glibc-2.28-211.el8.x86_64/string/../sysdeps/x86_64/multiarch/../strlen.S
fn=strlen
41 28 1 1 0 0 0 0 0 0
79 28 0 0 0 0 0 0 0 0
80 28 0 0 0 0 0 0 0 0
81 28 0 0 0 0 0 0 0 0
82 28 0 0 0 0 0 0 0 0
83 28 0 0 0 0 0 0 0 0
84 28 0 0 0 0 0 0 0 0
85 28 0 0 0 0 0 0 0 0
87 28 0 0 0 0 0 0 0 0
89 28 0 0 0 0 0 0 0 0
120 28 0 0 28 2 2 0 0 0
121 28 0 0 0 0 0 0 0 0
122 28 0 0 0 0 0 0 0 0
123 28 0 0 0 0 0 0 0 0
124 28 0 0 0 0 0 0 0 0
125 13 0 0 0 0 0 0 0 0
127 13 0 0 13 0 0 0 0 0
131 15 1 1 0 0 0 0 0 0
132 15 0 0 15 0 0 0 0 0
133 15 0 0 15 2 2 0 0 0
134 15 0 0 15 2 2 0 0 0
135 15 0 0 0 0 0 0 0 0
136 15 0 0 0 0 0 0 0 0
137 15 0 0 0 0 0 0 0 0
138 15 0 0 0 0 0 0 0 0
139 15 0 0 0 0 0 0 0 0
140 15 0 0 0 0 0 0 0 0
141 15 0 0 0 0 0 0 0 0
142 15 0 0 0 0 0 0 0 0
147 120 1 1 15 0 0 0 0 0
fl=/usr/src/debug/glibc-2.28-211.el8.x86_64/string/../sysdeps/x86_64/multiarch/memmove-vec-unaligned-erms.S
fn=memcpy
116 29 2 1 0 0 0 0 0 0
117 29 0 0 0 0 0 0 0 0
119 43 0 0 0 0 0 0 0 0
120 43 0 0 0 0 0 0 0 0
121 28 0 0 0 0 0 0 0 0
122 28 0 0 0 0 0 0 0 0
127 20 0 0 20 2 0 0 0 0
128 20 0 0 20 1 0 0 0 0
129 20 0 0 0 0 0 20 6 5
130 20 0 0 0 0 0 20 2 2
135 20 0 0 20 0 0 0 0 0
258 15 1 1 0 0 0 0 0 0
259 15 0 0 0 0 0 0 0 0
260 7 0 0 0 0 0 0 0 0
261 7 0 0 0 0 0 0 0 0
262 4 0 0 0 0 0 0 0 0
263 4 0 0 0 0 0 0 0 0
264 2 0 0 0 0 0 0 0 0
265 1 0 0 1 1 1 0 0 0
266 1 0 0 0 0 0 1 1 1
268 2 0 0 2 0 0 0 0 0
290 8 0 0 8 0 0 0 0 0
291 8 0 0 8 0 0 0 0 0
292 8 0 0 0 0 0 8 4 4
293 8 0 0 0 0 0 8 0 0
294 8 0 0 8 0 0 0 0 0
297 3 0 0 3 0 0 0 0 0
298 3 0 0 3 0 0 0 0 0
299 3 0 0 0 0 0 3 0 0
300 3 0 0 0 0 0 3 0 0
301 3 0 0 3 0 0 0 0 0
304 2 1 1 2 1 1 0 0 0
305 2 0 0 2 0 0 0 0 0
306 2 0 0 0 0 0 2 0 0
307 2 0 0 0 0 0 2 0 0
308 2 0 0 2 0 0 0 0 0
318 8 0 0 0 0 0 0 0 0
319 8 0 0 0 0 0 0 0 0
320 7 0 0 0 0 0 0 0 0
321 7 0 0 0 0 0 0 0 0
343 7 1 1 7 0 0 0 0 0
344 7 0 0 7 0 0 0 0 0
345 7 0 0 7 0 0 0 0 0
346 7 1 1 7 0 0 0 0 0
347 7 0 0 0 0 0 7 3 3
348 7 0 0 0 0 0 7 1 1
349 7 0 0 0 0 0 7 3 3
350 7 0 0 0 0 0 7 0 0
352 7 0 0 7 0 0 0 0 0
355 1 1 0 0 0 0 0 0 0
356 1 0 0 0 0 0 0 0 0
358 1 0 0 0 0 0 0 0 0
361 1 0 0 1 1 1 0 0 0
362 1 0 0 1 1 1 0 0 0
363 1 0 0 1 1 1 0 0 0
364 1 0 0 1 0 0 0 0 0
365 1 0 0 1 0 0 0 0 0
367 1 0 0 0 0 0 0 0 0
368 1 0 0 0 0 0 0 0 0
371 1 1 1 0 0 0 0 0 0
372 1 0 0 0 0 0 0 0 0
374 1 0 0 0 0 0 0 0 0
376 1 0 0 0 0 0 0 0 0
378 1 0 0 0 0 0 0 0 0
380 1 0 0 0 0 0 0 0 0
388 3 0 0 3 0 0 0 0 0
389 3 0 0 3 0 0 0 0 0
390 3 0 0 3 0 0 0 0 0
391 3 0 0 3 2 2 0 0 0
392 3 0 0 0 0 0 0 0 0
393 3 0 0 0 0 0 0 0 0
394 3 0 0 0 0 0 3 1 1
395 3 0 0 0 0 0 3 3 3
396 3 0 0 0 0 0 3 0 0
397 3 0 0 0 0 0 3 0 0
398 3 0 0 0 0 0 0 0 0
399 3 0 0 0 0 0 0 0 0
400 3 1 1 0 0 0 0 0 0
402 1 0 0 0 0 0 1 1 1
403 1 0 0 0 0 0 1 0 0
404 1 0 0 0 0 0 1 0 0
405 1 0 0 0 0 0 1 0 0
407 1 0 0 0 0 0 1 0 0
409 1 0 0 1 0 0 0 0 0
fn=mempcpy
103 14 0 0 0 0 0 0 0 0
104 14 0 0 0 0 0 0 0 0
105 14 0 0 0 0 0 0 0 0
106 14 0 0 0 0 0 0 0 0
fl=/usr/src/debug/glibc-2.28-211.el8.x86_64/string/../sysdeps/x86_64/multiarch/memset-vec-unaligned-erms.S
fn=memset
98 19 2 2 0 0 0 0 0 0
99 95 0 0 0 0 0 0 0 0
101 19 0 0 0 0 0 0 0 0
102 19 2 2 0 0 0 0 0 0
103 5 0 0 0 0 0 0 0 0
104 5 0 0 0 0 0 0 0 0
106 1 0 0 0 0 0 1 1 1
107 1 0 0 0 0 0 1 0 0
109 1 0 0 1 0 0 0 0 0
170 4 0 0 0 0 0 0 0 0
171 4 0 0 0 0 0 0 0 0
181 4 0 0 0 0 0 0 0 0
182 4 0 0 0 0 0 4 3 3
183 4 0 0 0 0 0 0 0 0
184 4 1 1 0 0 0 4 3 3
185 4 0 0 0 0 0 4 1 1
186 4 0 0 0 0 0 4 1 1
187 4 0 0 0 0 0 4 1 1
188 4 0 0 0 0 0 4 0 0
189 4 0 0 0 0 0 4 1 1
190 4 0 0 0 0 0 4 0 0
191 4 0 0 0 0 0 0 0 0
192 4 0 0 0 0 0 0 0 0
193 4 0 0 0 0 0 0 0 0
194 4 0 0 0 0 0 0 0 0
196 101 0 0 0 0 0 101 94 94
197 101 0 0 0 0 0 101 0 0
198 101 0 0 0 0 0 101 0 0
199 101 0 0 0 0 0 101 0 0
200 101 0 0 0 0 0 0 0 0
201 101 0 0 0 0 0 0 0 0
202 101 0 0 0 0 0 0 0 0
203 4 0 0 4 0 0 0 0 0
218 14 2 2 0 0 0 0 0 0
219 14 0 0 0 0 0 0 0 0
220 14 0 0 0 0 0 0 0 0
221 6 0 0 0 0 0 0 0 0
222 6 0 0 0 0 0 0 0 0
223 2 0 0 0 0 0 0 0 0
224 2 0 0 0 0 0 0 0 0
248 8 0 0 0 0 0 8 2 2
249 8 0 0 0 0 0 8 0 0
251 8 0 0 8 0 0 0 0 0
254 4 0 0 0 0 0 4 0 0
255 4 0 0 0 0 0 4 0 0
257 4 0 0 4 0 0 0 0 0
260 2 0 0 0 0 0 2 0 0
261 2 0 0 0 0 0 2 0 0
263 2 0 0 2 0 0 0 0 0
fl=/usr/src/debug/glibc-2.28-211.el8.x86_64/string/../sysdeps/x86_64/strcmp.S
fn=strcmp
111 3473 3 2 0 0 0 0 0 0
144 3473 0 0 0 0 0 0 0 0
145 3473 0 0 0 0 0 0 0 0
147 3473 0 0 0 0 0 0 0 0
148 3473 0 0 0 0 0 0 0 0
169 3473 0 0 0 0 0 0 0 0
170 3473 0 0 0 0 0 0 0 0
171 2509 0 0 0 0 0 0 0 0
172 2509 0 0 0 0 0 0 0 0
173 2404 0 0 2404 140 56 0 0 0
174 2404 1 1 2404 12 7 0 0 0
175 2404 0 0 2404 0 0 0 0 0
176 2404 0 0 2404 0 0 0 0 0
197 2404 0 0 0 0 0 0 0 0
198 2404 0 0 0 0 0 0 0 0
199 2404 0 0 0 0 0 0 0 0
200 2404 0 0 0 0 0 0 0 0
201 2404 0 0 0 0 0 0 0 0
202 2404 0 0 0 0 0 0 0 0
203 2404 0 0 0 0 0 0 0 0
208 62 0 0 0 0 0 0 0 0
209 186 0 0 0 0 0 0 0 0
218 1131 2 1 0 0 0 0 0 0
219 1131 0 0 0 0 0 0 0 0
220 1131 0 0 0 0 0 0 0 0
221 1131 0 0 0 0 0 0 0 0
222 1131 0 0 0 0 0 0 0 0
223 1131 0 0 0 0 0 0 0 0
224 1131 0 0 0 0 0 0 0 0
225 1131 0 0 0 0 0 0 0 0
226 351 0 0 0 0 0 0 0 0
227 247 0 0 0 0 0 0 0 0
228 247 0 0 0 0 0 0 0 0
229 247 0 0 0 0 0 0 0 0
231 351 0 0 0 0 0 0 0 0
232 351 0 0 0 0 0 0 0 0
233 351 0 0 0 0 0 0 0 0
234 351 0 0 351 12 4 0 0 0
235 351 0 0 0 0 0 0 0 0
236 351 0 0 0 0 0 0 0 0
246 780 2 1 780 8 2 0 0 0
247 780 0 0 0 0 0 0 0 0
248 780 0 0 0 0 0 0 0 0
250 780 0 0 780 2 2 0 0 0
256 780 0 0 0 0 0 0 0 0
257 780 0 0 0 0 0 0 0 0
258 780 0 0 0 0 0 0 0 0
259 780 0 0 0 0 0 0 0 0
260 780 0 0 0 0 0 0 0 0
265 780 0 0 0 0 0 0 0 0
267 765 0 0 0 0 0 0 0 0
268 765 0 0 0 0 0 0 0 0
269 1530 0 0 0 0 0 0 0 0
277 786 1 1 786 4 0 0 0 0
278 786 0 0 786 0 0 0 0 0
281 786 0 0 0 0 0 0 0 0
282 786 0 0 0 0 0 0 0 0
283 786 0 0 0 0 0 0 0 0
284 786 0 0 0 0 0 0 0 0
285 786 0 0 0 0 0 0 0 0
286 786 0 0 0 0 0 0 0 0
292 30 0 0 0 0 0 0 0 0
293 30 0 0 30 0 0 0 0 0
294 30 0 0 30 0 0 0 0 0
297 30 0 0 0 0 0 0 0 0
298 30 0 0 0 0 0 0 0 0
299 30 0 0 0 0 0 0 0 0
300 30 0 0 0 0 0 0 0 0
301 30 0 0 0 0 0 0 0 0
302 30 0 0 0 0 0 0 0 0
307 21 0 0 0 0 0 0 0 0
308 21 0 0 0 0 0 0 0 0
317 25 1 1 0 0 0 0 0 0
318 25 0 0 25 0 0 0 0 0
319 25 0 0 25 0 0 0 0 0
320 25 0 0 0 0 0 0 0 0
321 25 0 0 0 0 0 0 0 0
323 25 0 0 0 0 0 0 0 0
324 25 0 0 0 0 0 0 0 0
325 25 1 1 0 0 0 0 0 0
326 25 0 0 0 0 0 0 0 0
327 25 0 0 0 0 0 0 0 0
328 25 0 0 0 0 0 0 0 0
329 25 0 0 0 0 0 0 0 0
330 9 0 0 9 0 0 0 0 0
333 9 0 0 0 0 0 0 0 0
334 9 0 0 0 0 0 0 0 0
335 9 0 0 0 0 0 0 0 0
341 9 0 0 0 0 0 0 0 0
342 9 0 0 0 0 0 0 0 0
343 18 0 0 0 0 0 0 0 0
347 9 1 1 0 0 0 0 0 0
348 9 0 0 0 0 0 0 0 0
351 9 0 0 9 0 0 0 0 0
352 9 0 0 9 0 0 0 0 0
353 9 0 0 0 0 0 0 0 0
356 9 0 0 0 0 0 0 0 0
357 9 0 0 0 0 0 0 0 0
358 9 0 0 0 0 0 0 0 0
364 9 0 0 0 0 0 0 0 0
365 9 0 0 0 0 0 0 0 0
366 9 0 0 0 0 0 0 0 0
367 9 0 0 0 0 0 0 0 0
368 9 0 0 0 0 0 0 0 0
369 9 1 1 0 0 0 0 0 0
571 1 1 1 0 0 0 0 0 0
572 1 0 0 1 0 0 0 0 0
573 1 0 0 1 1 1 0 0 0
574 1 0 0 0 0 0 0 0 0
575 1 0 0 0 0 0 0 0 0
577 1 0 0 0 0 0 0 0 0
578 1 0 0 0 0 0 0 0 0
579 1 1 1 0 0 0 0 0 0
580 1 0 0 0 0 0 0 0 0
581 1 0 0 0 0 0 0 0 0
582 1 0 0 0 0 0 0 0 0
583 1 0 0 0 0 0 0 0 0
584 1 0 0 1 0 0 0 0 0
588 1 0 0 0 0 0 0 0 0
589 1 0 0 0 0 0 0 0 0
590 1 0 0 0 0 0 0 0 0
596 1 0 0 0 0 0 0 0 0
597 1 0 0 0 0 0 0 0 0
598 2 0 0 0 0 0 0 0 0
602 1 1 1 0 0 0 0 0 0
603 1 0 0 0 0 0 0 0 0
606 1 0 0 1 1 1 0 0 0
607 1 0 0 1 0 0 0 0 0
608 1 0 0 0 0 0 0 0 0
611 1 0 0 0 0 0 0 0 0
612 1 0 0 0 0 0 0 0 0
613 1 0 0 0 0 0 0 0 0
619 1 0 0 0 0 0 0 0 0
620 1 0 0 0 0 0 0 0 0
621 1 0 0 0 0 0 0 0 0
622 1 0 0 0 0 0 0 0 0
623 1 0 0 0 0 0 0 0 0
624 1 1 1 0 0 0 0 0 0
696 15 1 1 0 0 0 0 0 0
697 15 0 0 15 0 0 0 0 0
698 15 0 0 15 0 0 0 0 0
699 15 0 0 0 0 0 0 0 0
700 15 0 0 0 0 0 0 0 0
702 15 0 0 0 0 0 0 0 0
703 15 0 0 0 0 0 0 0 0
704 15 1 1 0 0 0 0 0 0
705 15 0 0 0 0 0 0 0 0
706 15 0 0 0 0 0 0 0 0
707 15 0 0 0 0 0 0 0 0
708 15 0 0 0 0 0 0 0 0
709 1 0 0 1 0 0 0 0 0
713 1 0 0 0 0 0 0 0 0
714 1 0 0 0 0 0 0 0 0
715 1 0 0 0 0 0 0 0 0
721 1 0 0 0 0 0 0 0 0
722 1 0 0 0 0 0 0 0 0
723 2 0 0 0 0 0 0 0 0
727 1 1 1 0 0 0 0 0 0
728 1 0 0 0 0 0 0 0 0
731 1 0 0 1 0 0 0 0 0
732 1 0 0 1 0 0 0 0 0
733 1 0 0 0 0 0 0 0 0
736 1 0 0 0 0 0 0 0 0
737 1 0 0 0 0 0 0 0 0
738 1 0 0 0 0 0 0 0 0
744 1 0 0 0 0 0 0 0 0
745 1 0 0 0 0 0 0 0 0
746 1 0 0 0 0 0 0 0 0
747 1 0 0 0 0 0 0 0 0
748 1 0 0 0 0 0 0 0 0
749 1 1 1 0 0 0 0 0 0
821 6 1 1 0 0 0 0 0 0
822 6 0 0 6 2 1 0 0 0
823 6 0 0 6 2 0 0 0 0
824 6 0 0 0 0 0 0 0 0
825 6 0 0 0 0 0 0 0 0
827 6 0 0 0 0 0 0 0 0
828 6 0 0 0 0 0 0 0 0
829 6 1 1 0 0 0 0 0 0
830 6 0 0 0 0 0 0 0 0
831 6 0 0 0 0 0 0 0 0
832 6 0 0 0 0 0 0 0 0
833 6 0 0 0 0 0 0 0 0
834 6 0 0 6 0 0 0 0 0
838 6 0 0 0 0 0 0 0 0
839 6 0 0 0 0 0 0 0 0
840 6 0 0 0 0 0 0 0 0
846 6 0 0 0 0 0 0 0 0
847 6 0 0 0 0 0 0 0 0
848 12 0 0 0 0 0 0 0 0
852 6 1 1 0 0 0 0 0 0
853 6 0 0 0 0 0 0 0 0
856 6 0 0 6 2 0 0 0 0
857 6 0 0 6 2 1 0 0 0
858 6 0 0 0 0 0 0 0 0
861 6 0 0 0 0 0 0 0 0
862 6 0 0 0 0 0 0 0 0
863 6 0 0 0 0 0 0 0 0
869 6 0 0 0 0 0 0 0 0
870 6 0 0 0 0 0 0 0 0
871 6 0 0 0 0 0 0 0 0
872 6 0 0 0 0 0 0 0 0
873 6 0 0 0 0 0 0 0 0
874 6 1 1 0 0 0 0 0 0
881 1 0 0 0 0 0 0 0 0
882 1 0 0 0 0 0 0 0 0
884 1 0 0 0 0 0 0 0 0
885 1 0 0 0 0 0 0 0 0
887 1 0 0 1 0 0 0 0 0
888 1 0 0 1 0 0 0 0 0
889 1 0 0 0 0 0 0 0 0
892 1 0 0 0 0 0 0 0 0
893 1 0 0 0 0 0 0 0 0
894 1 0 0 0 0 0 0 0 0
900 1 0 0 0 0 0 0 0 0
901 1 0 0 0 0 0 0 0 0
902 1 0 0 0 0 0 0 0 0
903 1 0 0 0 0 0 0 0 0
904 1 1 1 0 0 0 0 0 0
905 1 0 0 0 0 0 0 0 0
946 6 1 1 0 0 0 0 0 0
947 6 0 0 6 2 2 0 0 0
948 6 0 0 6 3 3 0 0 0
949 6 0 0 0 0 0 0 0 0
950 6 0 0 0 0 0 0 0 0
952 6 0 0 0 0 0 0 0 0
953 6 0 0 0 0 0 0 0 0
954 6 1 1 0 0 0 0 0 0
955 6 0 0 0 0 0 0 0 0
956 6 0 0 0 0 0 0 0 0
957 6 0 0 0 0 0 0 0 0
958 6 0 0 0 0 0 0 0 0
959 4 0 0 4 0 0 0 0 0
963 4 0 0 0 0 0 0 0 0
964 4 0 0 0 0 0 0 0 0
965 4 0 0 0 0 0 0 0 0
971 4 0 0 0 0 0 0 0 0
972 4 0 0 0 0 0 0 0 0
973 8 0 0 0 0 0 0 0 0
977 4 1 1 0 0 0 0 0 0
978 4 0 0 0 0 0 0 0 0
981 4 0 0 4 1 1 0 0 0
982 4 0 0 4 2 2 0 0 0
983 4 0 0 0 0 0 0 0 0
986 4 0 0 0 0 0 0 0 0
987 4 0 0 0 0 0 0 0 0
988 4 0 0 0 0 0 0 0 0
994 4 0 0 0 0 0 0 0 0
995 4 0 0 0 0 0 0 0 0
996 4 0 0 0 0 0 0 0 0
997 4 0 0 0 0 0 0 0 0
998 4 0 0 0 0 0 0 0 0
999 4 1 1 0 0 0 0 0 0
1071 9 2 2 0 0 0 0 0 0
1072 9 0 0 9 3 2 0 0 0
1073 9 0 0 9 2 2 0 0 0
1074 9 0 0 0 0 0 0 0 0
1075 9 0 0 0 0 0 0 0 0
1077 9 0 0 0 0 0 0 0 0
1078 9 0 0 0 0 0 0 0 0
1079 9 2 2 0 0 0 0 0 0
1080 9 0 0 0 0 0 0 0 0
1081 9 0 0 0 0 0 0 0 0
1082 9 0 0 0 0 0 0 0 0
1083 9 0 0 0 0 0 0 0 0
1084 9 0 0 9 0 0 0 0 0
1088 9 0 0 0 0 0 0 0 0
1089 9 0 0 0 0 0 0 0 0
1090 9 0 0 0 0 0 0 0 0
1096 9 0 0 0 0 0 0 0 0
1097 9 0 0 0 0 0 0 0 0
1098 18 0 0 0 0 0 0 0 0
1102 9 2 2 0 0 0 0 0 0
1103 9 0 0 0 0 0 0 0 0
1106 9 0 0 9 1 0 0 0 0
1107 9 0 0 9 2 2 0 0 0
1108 9 0 0 0 0 0 0 0 0
1111 9 0 0 0 0 0 0 0 0
1112 9 0 0 0 0 0 0 0 0
1113 9 0 0 0 0 0 0 0 0
1119 9 0 0 0 0 0 0 0 0
1120 9 0 0 0 0 0 0 0 0
1121 9 0 0 0 0 0 0 0 0
1122 9 0 0 0 0 0 0 0 0
1123 9 0 0 0 0 0 0 0 0
1124 9 2 2 0 0 0 0 0 0
1131 1 0 0 0 0 0 0 0 0
1132 1 0 0 0 0 0 0 0 0
1134 1 0 0 0 0 0 0 0 0
1135 1 0 0 0 0 0 0 0 0
1137 1 0 0 1 0 0 0 0 0
1138 1 0 0 1 1 0 0 0 0
1139 1 0 0 0 0 0 0 0 0
1142 1 0 0 0 0 0 0 0 0
1143 1 0 0 0 0 0 0 0 0
1144 1 0 0 0 0 0 0 0 0
1150 1 0 0 0 0 0 0 0 0
1151 1 0 0 0 0 0 0 0 0
1152 1 0 0 0 0 0 0 0 0
1153 1 0 0 0 0 0 0 0 0
1154 1 1 1 0 0 0 0 0 0
1155 1 0 0 0 0 0 0 0 0
1196 13 2 1 0 0 0 0 0 0
1197 13 0 0 13 4 1 0 0 0
1198 13 0 0 13 1 0 0 0 0
1199 13 0 0 0 0 0 0 0 0
1200 13 0 0 0 0 0 0 0 0
1202 13 0 0 0 0 0 0 0 0
1203 13 0 0 0 0 0 0 0 0
1204 13 2 1 0 0 0 0 0 0
1205 13 0 0 0 0 0 0 0 0
1206 13 0 0 0 0 0 0 0 0
1207 13 0 0 0 0 0 0 0 0
1208 13 0 0 0 0 0 0 0 0
1209 6 0 0 6 0 0 0 0 0
1213 6 0 0 0 0 0 0 0 0
1214 6 0 0 0 0 0 0 0 0
1215 6 0 0 0 0 0 0 0 0
1221 6 0 0 0 0 0 0 0 0
1222 6 0 0 0 0 0 0 0 0
1223 12 0 0 0 0 0 0 0 0
1227 6 1 1 0 0 0 0 0 0
1228 6 0 0 0 0 0 0 0 0
1231 6 0 0 6 1 1 0 0 0
1232 6 0 0 6 3 0 0 0 0
1233 6 0 0 0 0 0 0 0 0
1236 6 0 0 0 0 0 0 0 0
1237 6 0 0 0 0 0 0 0 0
1238 6 0 0 0 0 0 0 0 0
1244 6 0 0 0 0 0 0 0 0
1245 6 0 0 0 0 0 0 0 0
1246 6 0 0 0 0 0 0 0 0
1247 6 0 0 0 0 0 0 0 0
1248 6 0 0 0 0 0 0 0 0
1249 6 1 1 0 0 0 0 0 0
1256 1 0 0 0 0 0 0 0 0
1257 1 0 0 0 0 0 0 0 0
1259 1 0 0 0 0 0 0 0 0
1260 1 0 0 0 0 0 0 0 0
1262 1 0 0 1 0 0 0 0 0
1263 1 0 0 1 0 0 0 0 0
1264 1 0 0 0 0 0 0 0 0
1267 1 0 0 0 0 0 0 0 0
1268 1 0 0 0 0 0 0 0 0
1269 1 0 0 0 0 0 0 0 0
1275 1 0 0 0 0 0 0 0 0
1276 1 0 0 0 0 0 0 0 0
1277 1 0 0 0 0 0 0 0 0
1278 1 0 0 0 0 0 0 0 0
1279 1 1 1 0 0 0 0 0 0
1280 1 0 0 0 0 0 0 0 0
1321 36 2 1 0 0 0 0 0 0
1322 36 0 0 36 5 2 0 0 0
1323 36 0 0 36 7 6 0 0 0
1324 36 0 0 0 0 0 0 0 0
1325 36 0 0 0 0 0 0 0 0
1327 36 0 0 0 0 0 0 0 0
1328 36 0 0 0 0 0 0 0 0
1329 36 2 1 0 0 0 0 0 0
1330 36 0 0 0 0 0 0 0 0
1331 36 0 0 0 0 0 0 0 0
1332 36 0 0 0 0 0 0 0 0
1333 36 0 0 0 0 0 0 0 0
1334 23 0 0 23 0 0 0 0 0
1338 23 0 0 0 0 0 0 0 0
1339 23 0 0 0 0 0 0 0 0
1340 23 0 0 0 0 0 0 0 0
1346 23 0 0 0 0 0 0 0 0
1347 23 0 0 0 0 0 0 0 0
1348 46 0 0 0 0 0 0 0 0
1352 24 3 2 0 0 0 0 0 0
1353 24 0 0 0 0 0 0 0 0
1356 24 0 0 24 3 3 0 0 0
1357 24 0 0 24 6 4 0 0 0
1358 24 0 0 0 0 0 0 0 0
1361 24 0 0 0 0 0 0 0 0
1362 24 0 0 0 0 0 0 0 0
1363 24 0 0 0 0 0 0 0 0
1369 24 0 0 0 0 0 0 0 0
1370 24 0 0 0 0 0 0 0 0
1371 24 0 0 0 0 0 0 0 0
1372 24 0 0 0 0 0 0 0 0
1373 24 0 0 0 0 0 0 0 0
1374 24 3 1 0 0 0 0 0 0
1381 5 0 0 0 0 0 0 0 0
1382 5 0 0 0 0 0 0 0 0
1384 5 0 0 0 0 0 0 0 0
1385 5 0 0 0 0 0 0 0 0
1387 5 0 0 5 0 0 0 0 0
1388 5 0 0 5 2 2 0 0 0
1389 5 0 0 0 0 0 0 0 0
1392 5 0 0 0 0 0 0 0 0
1393 5 0 0 0 0 0 0 0 0
1394 5 0 0 0 0 0 0 0 0
1400 5 0 0 0 0 0 0 0 0
1401 5 0 0 0 0 0 0 0 0
1402 5 0 0 0 0 0 0 0 0
1403 5 0 0 0 0 0 0 0 0
1404 5 2 2 0 0 0 0 0 0
1405 5 0 0 0 0 0 0 0 0
1412 1 0 0 0 0 0 0 0 0
1413 1 0 0 0 0 0 0 0 0
1414 1 0 0 0 0 0 0 0 0
1446 14 2 1 0 0 0 0 0 0
1447 14 0 0 14 3 1 0 0 0
1448 14 0 0 14 4 1 0 0 0
1449 14 0 0 0 0 0 0 0 0
1450 14 0 0 0 0 0 0 0 0
1452 14 0 0 0 0 0 0 0 0
1453 14 0 0 0 0 0 0 0 0
1454 14 2 1 0 0 0 0 0 0
1455 14 0 0 0 0 0 0 0 0
1456 14 0 0 0 0 0 0 0 0
1457 14 0 0 0 0 0 0 0 0
1458 14 0 0 0 0 0 0 0 0
1459 7 0 0 7 0 0 0 0 0
1463 7 0 0 0 0 0 0 0 0
1464 7 0 0 0 0 0 0 0 0
1465 7 0 0 0 0 0 0 0 0
1471 7 0 0 0 0 0 0 0 0
1472 7 0 0 0 0 0 0 0 0
1473 14 0 0 0 0 0 0 0 0
1477 7 2 1 0 0 0 0 0 0
1478 7 0 0 0 0 0 0 0 0
1481 7 0 0 7 2 1 0 0 0
1482 7 0 0 7 1 1 0 0 0
1483 7 0 0 0 0 0 0 0 0
1486 7 0 0 0 0 0 0 0 0
1487 7 0 0 0 0 0 0 0 0
1488 7 0 0 0 0 0 0 0 0
1494 7 0 0 0 0 0 0 0 0
1495 7 0 0 0 0 0 0 0 0
1496 7 0 0 0 0 0 0 0 0
1497 7 0 0 0 0 0 0 0 0
1498 7 0 0 0 0 0 0 0 0
1499 7 2 1 0 0 0 0 0 0
1571 22 3 2 0 0 0 0 0 0
1572 22 0 0 22 4 3 0 0 0
1573 22 0 0 22 8 5 0 0 0
1574 22 0 0 0 0 0 0 0 0
1575 22 0 0 0 0 0 0 0 0
1577 22 0 0 0 0 0 0 0 0
1578 22 0 0 0 0 0 0 0 0
1579 22 2 1 0 0 0 0 0 0
1580 22 0 0 0 0 0 0 0 0
1581 22 0 0 0 0 0 0 0 0
1582 22 0 0 0 0 0 0 0 0
1583 22 0 0 0 0 0 0 0 0
1584 11 0 0 11 0 0 0 0 0
1588 11 0 0 0 0 0 0 0 0
1589 11 0 0 0 0 0 0 0 0
1590 11 0 0 0 0 0 0 0 0
1596 11 0 0 0 0 0 0 0 0
1597 11 0 0 0 0 0 0 0 0
1598 22 0 0 0 0 0 0 0 0
1602 12 2 2 0 0 0 0 0 0
1603 12 0 0 0 0 0 0 0 0
1606 12 0 0 12 4 2 0 0 0
1607 12 0 0 12 3 2 0 0 0
1608 12 0 0 0 0 0 0 0 0
1611 12 0 0 0 0 0 0 0 0
1612 12 0 0 0 0 0 0 0 0
1613 12 0 0 0 0 0 0 0 0
1619 12 0 0 0 0 0 0 0 0
1620 12 0 0 0 0 0 0 0 0
1621 12 0 0 0 0 0 0 0 0
1622 12 0 0 0 0 0 0 0 0
1623 12 0 0 0 0 0 0 0 0
1624 12 3 2 0 0 0 0 0 0
1631 4 0 0 0 0 0 0 0 0
1632 4 0 0 0 0 0 0 0 0
1634 4 0 0 0 0 0 0 0 0
1635 4 0 0 0 0 0 0 0 0
1637 4 0 0 4 1 1 0 0 0
1638 4 0 0 4 0 0 0 0 0
1639 4 0 0 0 0 0 0 0 0
1642 4 0 0 0 0 0 0 0 0
1643 4 0 0 0 0 0 0 0 0
1644 4 0 0 0 0 0 0 0 0
1650 4 0 0 0 0 0 0 0 0
1651 4 0 0 0 0 0 0 0 0
1652 4 0 0 0 0 0 0 0 0
1653 4 0 0 0 0 0 0 0 0
1654 4 2 2 0 0 0 0 0 0
1655 4 0 0 0 0 0 0 0 0
1662 1 0 0 0 0 0 0 0 0
1663 1 0 0 0 0 0 0 0 0
1664 1 0 0 0 0 0 0 0 0
1696 19 2 2 0 0 0 0 0 0
1697 19 0 0 19 1 1 0 0 0
1698 19 0 0 19 5 3 0 0 0
1699 19 0 0 0 0 0 0 0 0
1700 19 0 0 0 0 0 0 0 0
1702 19 0 0 0 0 0 0 0 0
1703 19 0 0 0 0 0 0 0 0
1704 19 2 2 0 0 0 0 0 0
1705 19 0 0 0 0 0 0 0 0
1706 19 0 0 0 0 0 0 0 0
1707 19 0 0 0 0 0 0 0 0
1708 19 0 0 0 0 0 0 0 0
1709 13 0 0 13 0 0 0 0 0
1713 13 0 0 0 0 0 0 0 0
1714 13 0 0 0 0 0 0 0 0
1715 13 0 0 0 0 0 0 0 0
1721 13 0 0 0 0 0 0 0 0
1722 13 0 0 0 0 0 0 0 0
1723 26 0 0 0 0 0 0 0 0
1727 14 2 2 0 0 0 0 0 0
1728 14 0 0 0 0 0 0 0 0
1731 14 0 0 14 3 2 0 0 0
1732 14 0 0 14 3 1 0 0 0
1733 14 0 0 0 0 0 0 0 0
1736 14 0 0 0 0 0 0 0 0
1737 14 0 0 0 0 0 0 0 0
1738 14 0 0 0 0 0 0 0 0
1744 14 0 0 0 0 0 0 0 0
1745 14 0 0 0 0 0 0 0 0
1746 14 0 0 0 0 0 0 0 0
1747 14 0 0 0 0 0 0 0 0
1748 14 0 0 0 0 0 0 0 0
1749 14 2 2 0 0 0 0 0 0
1756 1 0 0 0 0 0 0 0 0
1757 1 0 0 0 0 0 0 0 0
1759 1 0 0 0 0 0 0 0 0
1760 1 0 0 0 0 0 0 0 0
1762 1 0 0 1 0 0 0 0 0
1763 1 0 0 1 0 0 0 0 0
1764 1 0 0 0 0 0 0 0 0
1767 1 0 0 0 0 0 0 0 0
1768 1 0 0 0 0 0 0 0 0
1769 1 0 0 0 0 0 0 0 0
1775 1 0 0 0 0 0 0 0 0
1776 1 0 0 0 0 0 0 0 0
1777 1 0 0 0 0 0 0 0 0
1778 1 0 0 0 0 0 0 0 0
1779 1 1 1 0 0 0 0 0 0
1780 1 0 0 0 0 0 0 0 0
1787 1 0 0 0 0 0 0 0 0
1788 1 0 0 0 0 0 0 0 0
1789 1 0 0 0 0 0 0 0 0
1821 21 1 1 0 0 0 0 0 0
1822 21 0 0 21 3 3 0 0 0
1823 21 0 0 21 4 2 0 0 0
1824 21 0 0 0 0 0 0 0 0
1825 21 0 0 0 0 0 0 0 0
1827 21 0 0 0 0 0 0 0 0
1828 21 0 0 0 0 0 0 0 0
1829 21 1 1 0 0 0 0 0 0
1830 21 0 0 0 0 0 0 0 0
1831 21 0 0 0 0 0 0 0 0
1832 21 0 0 0 0 0 0 0 0
1833 21 0 0 0 0 0 0 0 0
1834 13 0 0 13 0 0 0 0 0
1838 13 0 0 0 0 0 0 0 0
1839 13 0 0 0 0 0 0 0 0
1840 13 0 0 0 0 0 0 0 0
1846 13 0 0 0 0 0 0 0 0
1847 13 0 0 0 0 0 0 0 0
1848 26 0 0 0 0 0 0 0 0
1852 13 2 1 0 0 0 0 0 0
1853 13 0 0 0 0 0 0 0 0
1856 13 0 0 13 3 1 0 0 0
1857 13 0 0 13 4 4 0 0 0
1858 13 0 0 0 0 0 0 0 0
1861 13 0 0 0 0 0 0 0 0
1862 13 0 0 0 0 0 0 0 0
1863 13 0 0 0 0 0 0 0 0
1869 13 0 0 0 0 0 0 0 0
1870 13 0 0 0 0 0 0 0 0
1871 13 0 0 0 0 0 0 0 0
1872 13 0 0 0 0 0 0 0 0
1873 13 0 0 0 0 0 0 0 0
1874 13 1 1 0 0 0 0 0 0
1881 1 0 0 0 0 0 0 0 0
1882 1 0 0 0 0 0 0 0 0
1884 1 0 0 0 0 0 0 0 0
1885 1 0 0 0 0 0 0 0 0
1887 1 0 0 1 0 0 0 0 0
1888 1 0 0 1 0 0 0 0 0
1889 1 0 0 0 0 0 0 0 0
1892 1 0 0 0 0 0 0 0 0
1893 1 0 0 0 0 0 0 0 0
1894 1 0 0 0 0 0 0 0 0
1900 1 0 0 0 0 0 0 0 0
1901 1 0 0 0 0 0 0 0 0
1902 1 0 0 0 0 0 0 0 0
1903 1 0 0 0 0 0 0 0 0
1904 1 1 1 0 0 0 0 0 0
1905 1 0 0 0 0 0 0 0 0
1946 28 1 1 0 0 0 0 0 0
1947 28 0 0 28 8 3 0 0 0
1948 28 0 0 28 3 0 0 0 0
1949 28 0 0 0 0 0 0 0 0
1950 28 0 0 0 0 0 0 0 0
1952 28 0 0 0 0 0 0 0 0
1953 28 0 0 0 0 0 0 0 0
1954 28 1 1 0 0 0 0 0 0
1955 28 0 0 0 0 0 0 0 0
1956 28 0 0 0 0 0 0 0 0
1957 28 0 0 0 0 0 0 0 0
1958 28 0 0 0 0 0 0 0 0
1959 15 0 0 15 0 0 0 0 0
1963 15 0 0 0 0 0 0 0 0
1964 15 0 0 0 0 0 0 0 0
1965 15 0 0 0 0 0 0 0 0
1971 15 0 0 0 0 0 0 0 0
1972 15 0 0 0 0 0 0 0 0
1973 30 0 0 0 0 0 0 0 0
1977 15 1 1 0 0 0 0 0 0
1978 15 0 0 0 0 0 0 0 0
1981 15 0 0 15 2 2 0 0 0
1982 15 0 0 15 2 1 0 0 0
1983 15 0 0 0 0 0 0 0 0
1986 15 0 0 0 0 0 0 0 0
1987 15 0 0 0 0 0 0 0 0
1988 15 0 0 0 0 0 0 0 0
1994 15 0 0 0 0 0 0 0 0
1995 15 0 0 0 0 0 0 0 0
1996 15 0 0 0 0 0 0 0 0
1997 15 0 0 0 0 0 0 0 0
1998 15 0 0 0 0 0 0 0 0
1999 15 1 1 0 0 0 0 0 0
2071 136 2 1 0 0 0 0 0 0
2072 136 0 0 136 9 2 0 0 0
2073 136 0 0 136 6 3 0 0 0
2074 136 0 0 0 0 0 0 0 0
2075 136 0 0 0 0 0 0 0 0
2077 136 0 0 0 0 0 0 0 0
2078 136 0 0 0 0 0 0 0 0
2079 136 2 1 0 0 0 0 0 0
2080 136 0 0 0 0 0 0 0 0
2081 136 0 0 0 0 0 0 0 0
2082 136 0 0 0 0 0 0 0 0
2083 136 0 0 0 0 0 0 0 0
2085 112 0 0 112 0 0 0 0 0
2089 112 0 0 0 0 0 0 0 0
2090 112 0 0 0 0 0 0 0 0
2091 112 0 0 0 0 0 0 0 0
2097 112 0 0 0 0 0 0 0 0
2098 112 0 0 0 0 0 0 0 0
2100 224 0 0 0 0 0 0 0 0
2104 112 2 1 0 0 0 0 0 0
2105 112 0 0 0 0 0 0 0 0
2108 112 0 0 112 4 4 0 0 0
2109 112 0 0 112 2 1 0 0 0
2110 112 0 0 0 0 0 0 0 0
2113 112 0 0 0 0 0 0 0 0
2114 112 0 0 0 0 0 0 0 0
2115 112 0 0 0 0 0 0 0 0
2121 112 0 0 0 0 0 0 0 0
2122 112 0 0 0 0 0 0 0 0
2123 112 0 0 0 0 0 0 0 0
2124 112 0 0 0 0 0 0 0 0
2125 112 0 0 0 0 0 0 0 0
2126 112 2 1 0 0 0 0 0 0
2200 995 1 0 0 0 0 0 0 0
2202 1131 1 1 0 0 0 0 0 0
2203 1131 0 0 0 0 0 0 0 0
2204 1131 0 0 0 0 0 0 0 0
2205 1131 0 0 0 0 0 0 0 0
2206 494 0 0 0 0 0 0 0 0
2211 3473 2 1 0 0 0 0 0 0
2217 3473 0 0 3473 0 0 0 0 0
2218 3473 0 0 3473 0 0 0 0 0
2226 3473 0 0 0 0 0 0 0 0
2227 3473 0 0 3473 0 0 0 0 0
fl=/usr/src/debug/glibc-2.28-211.el8.x86_64/string/../sysdeps/x86_64/strcspn.S
fn=strcspn
28 1 1 1 0 0 0 0 0 0
30 1 0 0 0 0 0 0 0 0
37 1 0 0 0 0 0 0 0 0
38 1 1 1 0 0 0 0 0 0
40 1 0 0 0 0 0 0 0 0
41 1 0 0 0 0 0 0 0 0
42 1 0 0 0 0 0 0 0 0
43 1 0 0 0 0 0 0 0 0
44 33 0 0 0 0 0 32 4 4
47 3 0 0 0 0 0 0 0 0
54 1 0 0 1 1 1 0 0 0
55 1 0 0 0 0 0 0 0 0
56 1 0 0 0 0 0 0 0 0
57 1 0 0 0 0 0 1 0 0
59 1 0 0 1 0 0 0 0 0
60 1 0 0 0 0 0 0 0 0
61 1 0 0 0 0 0 0 0 0
62 1 0 0 0 0 0 1 0 0
64 1 0 0 1 0 0 0 0 0
65 1 0 0 0 0 0 0 0 0
66 1 0 0 0 0 0 0 0 0
75 3 1 1 0 0 0 0 0 0
87 13 0 0 0 0 0 0 0 0
89 13 0 0 13 1 1 0 0 0
90 13 0 0 13 0 0 0 0 0
91 13 0 0 0 0 0 0 0 0
93 13 0 0 13 0 0 0 0 0
94 13 0 0 13 0 0 0 0 0
95 13 0 0 0 0 0 0 0 0
97 13 0 0 13 0 0 0 0 0
98 13 0 0 13 0 0 0 0 0
99 13 0 0 0 0 0 0 0 0
101 13 0 0 13 0 0 0 0 0
102 13 0 0 13 0 0 0 0 0
103 13 0 0 0 0 0 0 0 0
105 1 0 0 0 0 0 0 0 0
106 1 0 0 0 0 0 0 0 0
107 1 0 0 0 0 0 0 0 0
109 1 0 0 0 0 0 0 0 0
116 1 0 0 0 0 0 0 0 0
120 1 0 0 1 0 0 0 0 0
fl=/usr/src/debug/glibc-2.28-211.el8.x86_64/string/strdup.c
fn=strdup
40 25 1 1 0 0 0 10 0 0
41 10 1 1 0 0 0 5 0 0
44 10 0 0 0 0 0 0 0 0
47 25 0 0 0 0 0 5 0 0
48 25 0 0 15 0 0 0 0 0
fl=???
fn=(below main)
0 70 8 7 19 4 0 18 0 0
fn=???
0 3562 251 246 1419 181 74 359 23 15
fn=_Exit
0 9 2 2 1 0 0 0 0 0
fn=_IO_cleanup
0 147 14 14 46 0 0 26 0 0
fn=_IO_default_setbuf
0 54 4 4 9 0 0 15 0 0
fn=_IO_default_xsputn
0 168 5 5 40 0 0 38 1 1
fn=_IO_do_write@@GLIBC_2.2.5
0 17 1 1 3 0 0 2 0 0
fn=_IO_doallocbuf
0 26 3 3 8 1 1 4 0 0
fn=_IO_file_doallocate
0 54 5 5 12 0 0 7 0 0
fn=_IO_file_overflow@@GLIBC_2.2.5
0 50 5 5 11 0 0 13 0 0
fn=_IO_file_setbuf@@GLIBC_2.2.5
0 16 2 2 3 0 0 8 0 0
fn=_IO_file_stat
0 5 1 1 1 0 0 0 0 0
fn=_IO_file_sync@@GLIBC_2.2.5
0 154 4 4 57 0 0 25 0 0
fn=_IO_file_write@@GLIBC_2.2.5
0 37 3 3 8 0 0 5 0 0
fn=_IO_file_xsputn@@GLIBC_2.2.5
0 164 6 6 34 2 2 24 0 0
fn=_IO_flush_all_lockp
0 115 11 11 34 5 5 20 0 0
fn=_IO_no_init
0 23 3 3 5 0 0 8 0 0
fn=_IO_old_init
0 26 3 3 3 1 1 16 0 0
fn=_IO_setb
0 40 2 2 8 0 0 8 0 0
fn=_IO_str_init_static_internal
0 36 3 3 5 0 0 12 0 0
fn=____strtol_l_internal
0 236 11 11 34 2 1 20 0 0
fn=__acos_finite
0 8 2 2 4 0 0 0 0 0
fn=__asin_finite
0 8 1 1 4 0 0 0 0 0
fn=__atan2_finite
0 9 2 2 4 0 0 0 0 0
fn=__call_tls_dtors
0 12 2 2 5 0 0 2 1 1
fn=__cpu_indicator_init
0 61 8 8 6 2 1 5 0 0
fn=__ctype_init
0 17 2 2 10 6 0 3 0 0
fn=__cxa_atexit
0 24 2 1 0 0 0 0 0 0
fn=__cxa_finalize
0 488 9 9 138 3 3 38 0 0
fn=__cxa_guard_acquire
0 31 3 3 12 1 0 6 0 0
fn=__cxa_guard_release
0 15 2 2 5 0 0 3 0 0
fn=__cxxabiv1::__si_class_type_info::__do_dyncast(long, __cxxabiv1::__class_type_info::__sub_kind, __cxxabiv1::__class_type_info const*, void const*, __cxxabiv1::__class_type_info const*, void const*, __cxxabiv1::__class_type_info::__dyncast_result&) const
0 1440 4 4 440 0 0 360 0 0
fn=__cxxabiv1::__vmi_class_type_info::__do_dyncast(long, __cxxabiv1::__class_type_info::__sub_kind, __cxxabiv1::__class_type_info const*, void const*, __cxxabiv1::__class_type_info const*, void const*, __cxxabiv1::__class_type_info::__dyncast_result&) const
0 603 11 11 225 4 3 162 0 0
fn=__default_morecore
0 16 1 1 2 0 0 2 0 0
fn=__dynamic_cast
0 2597 5 5 931 15 3 539 0 0
fn=__exp_finite
0 9 2 2 4 0 0 0 0 0
fn=__gconv_btwoc_ascii
0 768 1 1 128 0 0 0 0 0
fn=__gnu_cxx::stdio_sync_filebuf<char, std::char_traits<char> >::overflow(int)
0 7 2 2 1 0 0 0 0 0
fn=__gnu_cxx::stdio_sync_filebuf<char, std::char_traits<char> >::sync()
0 12 0 0 4 1 1 0 0 0
fn=__gnu_cxx::stdio_sync_filebuf<char, std::char_traits<char> >::xsputn(char const*, long)
0 18 2 1 3 1 1 0 0 0
fn=__gnu_cxx::stdio_sync_filebuf<wchar_t, std::char_traits<wchar_t> >::sync()
0 9 0 0 3 2 2 0 0 0
fn=__init_misc
0 25 2 2 7 0 0 5 1 0
fn=__internal_atexit
0 304 8 4 80 3 1 72 4 0
fn=__libc_alloca_cutoff
0 11 2 2 2 1 1 0 0 0
fn=__libc_csu_init
0 48 3 3 10 1 1 10 0 0
fn=__libc_early_init
0 2 0 0 0 0 0 0 0 0
fn=__log_finite
0 9 2 2 4 0 0 0 0 0
fn=__memchr_avx2
0 23 2 2 2 0 0 0 0 0
fn=__memcmp_avx2_movbe
0 1153 9 9 264 0 0 0 0 0
fn=__memcpy_avx_unaligned_erms
0 90 4 4 20 1 1 13 1 1
fn=__mempcpy_avx_unaligned_erms
0 12 1 1 0 0 0 0 0 0
fn=__mpn_cmp
0 24 2 2 6 0 0 0 0 0
fn=__mpn_divrem
0 272 4 4 76 0 0 62 0 0
fn=__mpn_extract_double
0 20 3 3 1 0 0 4 0 0
fn=__mpn_lshift
0 16 3 3 2 0 0 1 0 0
fn=__mpn_mul
0 43 4 4 12 0 0 11 3 3
fn=__mpn_mul_1
0 180 4 4 25 0 0 17 0 0
fn=__mpn_rshift
0 36 3 3 6 0 0 4 0 0
fn=__new_exitfn
0 289 9 5 64 5 0 33 1 0
fn=__pow_finite
0 8 2 2 4 0 0 0 0 0
fn=__printf_fp
0 7 1 1 2 0 0 0 0 0
fn=__printf_fp_l
0 961 75 75 211 12 12 106 4 4
fn=__run_exit_handlers
0 313 9 9 87 5 5 26 0 0
fn=__sigjmp_save
0 9 1 1 2 0 0 2 0 0
fn=__sigsetjmp
0 22 2 2 5 1 0 8 0 0
fn=__strchrnul_avx2
0 38 2 2 4 0 0 0 0 0
fn=__strcmp_avx2
0 189 4 4 45 1 1 0 0 0
fn=__strlen_avx2
0 1284 6 6 144 5 5 0 0 0
fn=__strrchr_avx2
0 34 5 5 2 1 0 0 0 0
fn=__syscall_clock_gettime
0 8 1 1 2 0 0 0 0 0
fn=__unregister_atfork
0 64 4 4 24 1 1 0 0 0
fn=__x86_cacheinfo
0 94 8 8 16 2 0 22 3 3
fn=_dl_addr
0 73156 10 10 14520 1075 741 17 2 0
fn=_dl_mcount_wrapper_check
0 640 1 1 384 0 0 0 0 0
fn=_dl_vdso_vsym
0 80 2 2 30 4 0 5 0 0
fn=_fxstat
0 11 2 2 1 0 0 0 0 0
fn=_init
0 108 6 6 17 5 0 16 3 3
fn=_int_malloc
0 811 34 23 122 18 15 152 3 2
fn=_setjmp
0 3 1 1 0 0 0 0 0 0
fn=bcmp
0 28 2 2 10 1 0 0 0 0
fn=bool std::has_facet<std::ctype<char> >(std::locale const&)
0 88 2 2 36 0 0 12 0 0
fn=bool std::has_facet<std::ctype<wchar_t> >(std::locale const&)
0 88 2 2 36 0 0 12 0 0
fn=bool std::has_facet<std::num_get<char, std::istreambuf_iterator<char, std::char_traits<char> > > >(std::locale const&)
0 88 1 1 36 0 0 12 0 0
fn=bool std::has_facet<std::num_get<wchar_t, std::istreambuf_iterator<wchar_t, std::char_traits<wchar_t> > > >(std::locale const&)
0 88 1 1 36 0 0 12 0 0
fn=bool std::has_facet<std::num_put<char, std::ostreambuf_iterator<char, std::char_traits<char> > > >(std::locale const&)
0 88 2 2 36 0 0 12 0 0
fn=bool std::has_facet<std::num_put<wchar_t, std::ostreambuf_iterator<wchar_t, std::char_traits<wchar_t> > > >(std::locale const&)
0 88 2 2 36 0 0 12 0 0
fn=brk
0 22 1 1 4 0 0 2 0 0
fn=btowc
0 9472 5 5 2944 4 0 1280 0 0
fn=ceil
0 7 2 2 3 0 0 0 0 0
fn=ceilf
0 7 1 1 3 0 0 0 0 0
fn=check_stdfiles_vtables
0 12 2 2 7 3 0 0 0 0
fn=clock_gettime@@GLIBC_2.17
0 36 2 2 10 2 2 6 1 1
fn=cos
0 9 2 2 4 0 0 0 0 0
fn=cosf
0 9 1 1 4 0 0 0 0 0
fn=exit
0 8 2 2 1 0 0 2 0 0
fn=exp2f
0 9 1 1 4 0 0 0 0 0
fn=expf
0 9 2 2 4 0 0 0 0 0
fn=fflush
0 357 5 5 126 2 2 35 0 0
fn=floor
0 7 1 1 3 0 0 0 0 0
fn=floorf
0 7 1 1 3 0 0 0 0 0
fn=free
0 48 3 3 12 4 4 2 0 0
fn=fwrite
0 224 7 6 69 6 6 28 0 0
fn=get_common_cache_info
0 222 12 12 21 1 0 15 0 0
fn=gettimeofday
0 134 4 4 8 1 0 8 0 0
fn=hack_digit
0 331 4 4 124 0 0 54 0 0
fn=handle_intel.constprop.1
0 177 4 4 36 1 0 45 0 0
fn=index
0 22 0 0 8 0 0 0 0 0
fn=intel_check_word.isra.0
0 1324 8 8 111 6 6 24 0 0
fn=log2f
0 9 1 1 4 0 0 0 0 0
fn=logf
0 9 2 2 4 0 0 0 0 0
fn=malloc
0 209 7 6 52 14 11 20 0 0
fn=malloc_hook_ini
0 12 1 1 3 1 1 3 0 0
fn=malloc_init_state
0 647 2 2 1 0 0 257 35 34
fn=memchr
0 24 1 1 8 0 0 0 0 0
fn=memcpy@@GLIBC_2.14
0 54 3 3 12 2 0 0 0 0
fn=memmove
0 54 3 3 12 3 0 0 0 0
fn=mempcpy
0 18 2 2 4 0 0 0 0 0
fn=memrchr
0 12 2 2 4 0 0 0 0 0
fn=memset
0 60 3 3 12 3 0 0 0 0
fn=mmap
0 72 3 3 14 0 0 12 0 0
fn=munmap
0 12 1 1 2 0 0 0 0 0
fn=munmap_chunk
0 66 3 3 20 0 0 0 0 0
fn=new_do_write
0 57 5 5 17 0 0 13 0 0
fn=newlocale
0 52 7 7 14 1 1 7 1 0
fn=pow
0 19 4 4 5 0 0 3 0 0
fn=powf
0 9 2 2 4 0 0 0 0 0
fn=ptmalloc_init.part.0
0 83 8 8 11 6 1 19 2 0
fn=putc
0 14 2 2 4 0 0 2 0 0
fn=rawmemchr
0 12 1 1 4 0 0 0 0 0
fn=rindex
0 12 1 1 4 0 0 0 0 0
fn=rint
0 7 2 2 3 0 0 0 0 0
fn=rintf
0 7 2 2 3 0 0 0 0 0
fn=sbrk
0 51 4 4 14 2 0 8 0 0
fn=sin
0 9 1 1 4 0 0 0 0 0
fn=sincosf
0 9 2 2 4 0 0 0 0 0
fn=sinf
0 9 2 2 4 0 0 0 0 0
fn=std::_V2::error_category::~error_category()
0 6 0 0 3 0 0 0 0 0
fn=std::__cxx11::messages<char>::messages(unsigned long)
0 20 1 1 4 0 0 8 0 0
fn=std::__cxx11::messages<wchar_t>::messages(unsigned long)
0 20 2 2 4 0 0 8 1 1
fn=std::__cxx11::moneypunct<char, false>::_M_initialize_moneypunct(__locale_struct*, char const*)
0 123 6 6 48 2 1 31 0 0
fn=std::__cxx11::moneypunct<char, true>::_M_initialize_moneypunct(__locale_struct*, char const*)
0 123 6 6 48 0 0 31 0 0
fn=std::__cxx11::moneypunct<wchar_t, false>::_M_initialize_moneypunct(__locale_struct*, char const*)
0 131 7 7 51 0 0 32 0 0
fn=std::__cxx11::moneypunct<wchar_t, true>::_M_initialize_moneypunct(__locale_struct*, char const*)
0 131 7 7 51 0 0 32 0 0
fn=std::__cxx11::numpunct<char>::_M_initialize_numpunct(__locale_struct*)
0 420 5 5 143 4 1 75 0 0
fn=std::__cxx11::numpunct<wchar_t>::_M_initialize_numpunct(__locale_struct*)
0 350 6 6 73 0 0 74 3 3
fn=std::__num_base::_S_format_float(std::ios_base const&, char*, char)
0 33 3 3 2 0 0 4 0 0
fn=std::__timepunct<char>::_M_initialize_timepunct(__locale_struct*)
0 106 12 12 6 0 0 52 0 0
fn=std::__timepunct<char>::__timepunct(std::__timepunct_cache<char>*, unsigned long)
0 23 2 2 4 0 0 9 0 0
fn=std::__timepunct<wchar_t>::_M_initialize_timepunct(__locale_struct*)
0 104 12 12 5 0 0 51 0 0
fn=std::__timepunct<wchar_t>::__timepunct(std::__timepunct_cache<wchar_t>*, unsigned long)
0 23 2 2 4 0 0 9 1 1
fn=std::basic_ios<char, std::char_traits<char> >::_M_cache_locale(std::locale const&)
0 124 2 2 12 0 0 44 0 0
fn=std::basic_ios<char, std::char_traits<char> >::init(std::basic_streambuf<char, std::char_traits<char> >*)
0 92 2 2 12 0 0 36 0 0
fn=std::basic_ios<wchar_t, std::char_traits<wchar_t> >::_M_cache_locale(std::locale const&)
0 124 3 3 12 0 0 44 0 0
fn=std::basic_ios<wchar_t, std::char_traits<wchar_t> >::init(std::basic_streambuf<wchar_t, std::char_traits<wchar_t> >*)
0 92 2 2 12 0 0 40 0 0
fn=std::basic_ostream<char, std::char_traits<char> >& std::__ostream_insert<char, std::char_traits<char> >(std::basic_ostream<char, std::char_traits<char> >&, char const*, long)
0 104 5 4 40 2 2 26 0 0
fn=std::basic_ostream<char, std::char_traits<char> >& std::endl<char, std::char_traits<char> >(std::basic_ostream<char, std::char_traits<char> >&)
0 20 2 2 7 0 0 3 0 0
fn=std::basic_ostream<wchar_t, std::char_traits<wchar_t> >::flush()
0 45 2 2 21 10 10 6 0 0
fn=std::chrono::_V2::system_clock::now()
0 30 2 2 12 1 1 4 0 0
fn=std::codecvt<char, char, __mbstate_t>::codecvt(unsigned long)
0 18 2 2 4 1 0 6 1 1
fn=std::codecvt<wchar_t, char, __mbstate_t>::codecvt(unsigned long)
0 18 2 2 4 0 0 6 2 2
fn=std::ctype<char> const& std::use_facet<std::ctype<char> >(std::locale const&)
0 100 2 2 45 3 3 15 0 0
fn=std::ctype<char>::_M_widen_init() const
0 1087 7 7 26 3 3 278 5 5
fn=std::ctype<char>::ctype(unsigned short const*, bool, unsigned long)
0 116 5 5 8 2 0 79 9 9
fn=std::ctype<wchar_t> const& std::use_facet<std::ctype<wchar_t> >(std::locale const&)
0 80 2 2 36 0 0 12 0 0
fn=std::ctype<wchar_t>::_M_convert_to_wmask(unsigned short) const
0 149 6 6 12 0 0 0 0 0
fn=std::ctype<wchar_t>::_M_initialize_ctype()
0 2733 5 5 5 0 0 810 20 20
fn=std::ctype<wchar_t>::ctype(unsigned long)
0 20 2 2 3 0 0 7 1 1
fn=std::error_category::error_category()
0 10 1 1 4 1 0 2 0 0
fn=std::error_category::~error_category()
0 4 0 0 2 0 0 0 0 0
fn=std::future_category()
0 18 2 2 2 1 1 3 0 0
fn=std::ios_base::Init::Init()
0 293 33 31 50 6 1 171 15 2
fn=std::ios_base::Init::~Init()
0 34 3 3 12 7 7 8 0 0
fn=std::ios_base::_M_init()
0 208 3 3 48 0 0 72 0 0
fn=std::ios_base::ios_base()
0 472 3 3 8 0 0 208 31 17
fn=std::locale::_Impl::_Impl(unsigned long)
0 982 64 64 80 19 1 423 49 49
fn=std::locale::_Impl::_M_install_facet(std::locale::id const*, std::locale::facet const*)
0 10950 6 6 3180 0 0 240 0 0
fn=std::locale::facet::_S_create_c_locale(__locale_struct*&, char const*, __locale_struct*)
0 10 1 1 2 0 0 3 0 0
fn=std::locale::facet::_S_get_c_locale()
0 152 2 2 61 2 2 16 0 0
fn=std::locale::facet::_S_get_c_name()
0 21 1 1 7 0 0 0 0 0
fn=std::locale::id::_M_id() const
0 1074 1 1 312 8 6 92 0 0
fn=std::locale::locale()
0 528 3 3 198 0 0 154 1 1
fn=std::locale::locale(std::locale::_Impl*)
0 3 1 1 1 0 0 1 0 0
fn=std::locale::operator=(std::locale const&)
0 176 2 2 64 0 0 24 0 0
fn=std::locale::~locale()
0 96 2 2 40 0 0 16 0 0
fn=std::messages<char>::messages(unsigned long)
0 20 2 2 4 0 0 8 0 0
fn=std::messages<wchar_t>::messages(unsigned long)
0 20 1 1 4 0 0 8 1 1
fn=std::moneypunct<char, false>::_M_initialize_moneypunct(__locale_struct*, char const*)
0 123 5 5 48 0 0 31 0 0
fn=std::moneypunct<char, true>::_M_initialize_moneypunct(__locale_struct*, char const*)
0 123 5 5 48 0 0 31 0 0
fn=std::moneypunct<wchar_t, false>::_M_initialize_moneypunct(__locale_struct*, char const*)
0 131 7 7 51 0 0 32 0 0
fn=std::moneypunct<wchar_t, true>::_M_initialize_moneypunct(__locale_struct*, char const*)
0 131 5 5 51 0 0 32 0 0
fn=std::num_get<char, std::istreambuf_iterator<char, std::char_traits<char> > > const& std::use_facet<std::num_get<char, std::istreambuf_iterator<char, std::char_traits<char> > > >(std::locale const&)
0 80 2 2 36 0 0 12 0 0
fn=std::num_get<wchar_t, std::istreambuf_iterator<wchar_t, std::char_traits<wchar_t> > > const& std::use_facet<std::num_get<wchar_t, std::istreambuf_iterator<wchar_t, std::char_traits<wchar_t> > > >(std::locale const&)
0 80 1 1 36 0 0 12 0 0
fn=std::num_put<char, std::ostreambuf_iterator<char, std::char_traits<char> > > const& std::use_facet<std::num_put<char, std::ostreambuf_iterator<char, std::char_traits<char> > > >(std::locale const&)
0 80 2 2 36 0 0 12 0 0
fn=std::num_put<char, std::ostreambuf_iterator<char, std::char_traits<char> > >::do_put(std::ostreambuf_iterator<char, std::char_traits<char> >, std::ios_base&, char, double) const
0 4 1 1 0 0 0 0 0 0
fn=std::num_put<wchar_t, std::ostreambuf_iterator<wchar_t, std::char_traits<wchar_t> > > const& std::use_facet<std::num_put<wchar_t, std::ostreambuf_iterator<wchar_t, std::char_traits<wchar_t> > > >(std::locale const&)
0 80 2 2 36 0 0 12 0 0
fn=std::numpunct<char>::_M_initialize_numpunct(__locale_struct*)
0 420 6 6 143 0 0 75 0 0
fn=std::numpunct<wchar_t>::_M_initialize_numpunct(__locale_struct*)
0 350 6 6 73 0 0 74 0 0
fn=std::ostream& std::ostream::_M_insert<double>(double)
0 69 6 6 25 4 4 13 0 0
fn=std::ostream::flush()
0 60 1 1 28 6 6 8 0 0
fn=std::ostream::put(char)
0 38 3 3 15 0 0 7 0 0
fn=std::ostream::sentry::sentry(std::ostream&)
0 92 3 3 28 4 4 20 0 0
fn=std::ostream::sentry::~sentry()
0 28 1 1 20 0 0 0 0 0
fn=std::ostreambuf_iterator<char, std::char_traits<char> > std::num_put<char, std::ostreambuf_iterator<char, std::char_traits<char> > >::_M_insert_float<double>(std::ostreambuf_iterator<char, std::char_traits<char> >, std::ios_base&, char, char, double) const
0 136 13 13 30 1 1 29 0 0
fn=stpcpy
0 11 1 1 4 0 0 0 0 0
fn=stpncpy
0 11 2 2 4 0 0 0 0 0
fn=strcasecmp
0 7 2 2 3 0 0 0 0 0
fn=strcasecmp_l
0 7 1 1 3 0 0 0 0 0
fn=strcat
0 11 2 2 4 0 0 0 0 0
fn=strchrnul
0 12 1 1 4 0 0 0 0 0
fn=strcmp
0 22 3 3 8 0 0 0 0 0
fn=strcpy
0 11 1 1 4 0 0 0 0 0
fn=strcspn
0 7 1 1 3 0 0 0 0 0
fn=strlen
0 36 1 1 12 3 0 0 0 0
fn=strncasecmp
0 7 1 1 3 0 0 0 0 0
fn=strncasecmp_l
0 7 2 2 3 0 0 0 0 0
fn=strncmp
0 11 1 1 4 0 0 0 0 0
fn=strncpy
0 11 3 3 4 0 0 0 0 0
fn=strnlen
0 24 2 2 8 0 0 0 0 0
fn=strpbrk
0 7 0 0 3 0 0 0 0 0
fn=strspn
0 7 1 1 3 0 0 0 0 0
fn=strtol
0 10 1 1 4 0 0 0 0 0
fn=sysmalloc
0 278 25 21 73 7 4 43 7 7
fn=tcache_init.part.7
0 115 4 4 9 1 0 84 9 9
fn=time
0 67 3 3 4 1 1 4 0 0
fn=trunc
0 7 2 2 3 0 0 0 0 0
fn=truncf
0 7 2 2 3 0 0 0 0 0
fn=uselocale
0 88 6 6 36 11 6 16 0 0
fn=vfprintf
0 274 30 30 63 9 9 53 6 6
fn=vsnprintf
0 51 4 4 11 0 0 13 1 1
fn=wcschr
0 24 1 1 8 0 0 0 0 0
fn=wcscmp
0 24 1 1 8 2 0 0 0 0
fn=wcslen
0 24 2 2 8 0 0 0 0 0
fn=wcsnlen
0 11 2 2 4 0 0 0 0 0
fn=wctob
0 3328 2 2 1152 0 0 768 0 0
fn=wctype_l
0 1036 3 3 158 4 0 177 0 0
fn=wmemchr
0 36 2 2 12 0 0 0 0 0
fn=wmemcmp
0 14 2 1 5 1 0 0 0 0
fn=wmemset
0 45 2 2 12 0 0 0 0 0
fn=write
0 10 2 2 2 0 0 0 0 0
summary: 133130981 2185 2082 17486904 16794326 16786570 21239595 2099604 2098857
